#
# A fatal error has been detected by the Java Runtime Environment:
#
#  EXCEPTION_ACCESS_VIOLATION (0xc0000005) at pc=0x00007ffc38a951f2, pid=8780, tid=4380
#
# JRE version: Java(TM) SE Runtime Environment (22.0.1+8) (build 22.0.1+8-16)
# Java VM: Java HotSpot(TM) 64-Bit Server VM (22.0.1+8-16, mixed mode, sharing, tiered, compressed oops, compressed class ptrs, g1 gc, windows-amd64)
# Problematic frame:
# V  [jvm.dll+0x4551f2]
#
# No core dump will be written. Minidumps are not enabled by default on client versions of Windows
#
# If you would like to submit a bug report, please visit:
#   https://bugreport.java.com/bugreport/crash.jsp
#

---------------  S U M M A R Y ------------

Command Line: -Dfile.encoding=windows-1252 -Dsun.stdout.encoding=windows-1252 -Dsun.stderr.encoding=windows-1252 C:\Users\noah\IdeaProjects\demo8\target\demo8-1.0-SNAPSHOT-shaded.jar

Host: Intel(R) Core(TM) m3-7Y30 CPU @ 1.00GHz, 4 cores, 7G,  Windows 10 , 64 bit Build 19041 (10.0.19041.4597)
Time: Wed Jul 17 09:36:50 2024 Romance Summer Time elapsed time: 11.694385 seconds (0d 0h 0m 11s)

---------------  T H R E A D  ---------------

Current thread (0x000002af5549a100):  JavaThread "JavaFX Application Thread"        [_thread_in_vm, id=4380, stack(0x000000e31dc00000,0x000000e31dd00000) (1024K)]

Stack: [0x000000e31dc00000,0x000000e31dd00000],  sp=0x000000e31dcfeeb0,  free space=1019k
Native frames: (J=compiled Java code, j=interpreted, Vv=VM code, C=native code)
V  [jvm.dll+0x4551f2]  (no source info available)
C  [glass.dll+0x274c]  (no source info available)
C  [glass.dll+0x15416]  (no source info available)
C  [glass.dll+0x2081b]  (no source info available)
C  [glass.dll+0x1c152]  (no source info available)
C  [glass.dll+0x17bc]  (no source info available)
C  [USER32.dll+0xef5c]  (no source info available)
C  [USER32.dll+0xe684]  (no source info available)
C  [glass.dll+0xa74d]  (no source info available)
C  0x000002af0753cfc7  (no source info available)

The last pc belongs to native method entry point (kind = native) (printed below).
Java frames: (J=compiled Java code, j=interpreted, Vv=VM code)
j  com.sun.glass.ui.win.WinApplication._runLoop(Ljava/lang/Runnable;)V+0
j  com.sun.glass.ui.win.WinApplication.lambda$runLoop$3(ILjava/lang/Runnable;)V+8
j  com.sun.glass.ui.win.WinApplication$$Lambda+0x000002af11038960.run()V+12
j  java.lang.Thread.runWith(Ljava/lang/Object;Ljava/lang/Runnable;)V+5 java.base@22.0.1
j  java.lang.Thread.run()V+19 java.base@22.0.1
v  ~StubRoutines::call_stub 0x000002af0753100d

siginfo: EXCEPTION_ACCESS_VIOLATION (0xc0000005), reading address 0x0000000000000000


Registers:
RAX=0x0000000000000000, RBX=0x000002af5549a100, RCX=0x000002af5549a4c0, RDX=0x0000000000000000
RSP=0x000000e31dcfeeb0, RBP=0x000000e31dcfefb8, RSI=0x0000000000000000, RDI=0x0000000000000000
R8 =0x0000000000000000, R9 =0x000000e31dcfefb8, R10=0x000002af554883f0, R11=0x000000e31dcfeef0
R12=0x0000000000000001, R13=0x000002af5549a4c0, R14=0x000002af5549a4c0, R15=0x00000000000000d4
RIP=0x00007ffc38a951f2, EFLAGS=0x0000000000010246


Register to memory mapping:

RAX=0x0 is null
RBX=0x000002af5549a100 is a thread
RCX=0x000002af5549a4c0 points into unknown readable memory: 0x00007ffc3921dac0 | c0 da 21 39 fc 7f 00 00
RDX=0x0 is null
RSP=0x000000e31dcfeeb0 is pointing into the stack for thread: 0x000002af5549a100
RBP=0x000000e31dcfefb8 is pointing into the stack for thread: 0x000002af5549a100
RSI=0x0 is null
RDI=0x0 is null
R8 =0x0 is null
R9 =0x000000e31dcfefb8 is pointing into the stack for thread: 0x000002af5549a100
R10=0x000002af554883f0 points into unknown readable memory: 0x0000004000000003 | 03 00 00 00 40 00 00 00
R11=0x000000e31dcfeef0 is pointing into the stack for thread: 0x000002af5549a100
R12=0x0000000000000001 is an unknown value
R13=0x000002af5549a4c0 points into unknown readable memory: 0x00007ffc3921dac0 | c0 da 21 39 fc 7f 00 00
R14=0x000002af5549a4c0 points into unknown readable memory: 0x00007ffc3921dac0 | c0 da 21 39 fc 7f 00 00
R15=0x00000000000000d4 is an unknown value

Top of Stack: (sp=0x000000e31dcfeeb0)
0x000000e31dcfeeb0:   0000000000000000 0000000000000000
0x000000e31dcfeec0:   00007ffc3904a360 000002af10446ae0
0x000000e31dcfeed0:   000002af5549a10e 000000000000019d
0x000000e31dcfeee0:   000000e31dcfed90 0000000000000000
0x000000e31dcfeef0:   0000000000000000 00007ffc38a8c39e
0x000000e31dcfef00:   000002af5549a100 0000000000000000
0x000000e31dcfef10:   000002af55486ea0 000002af55486ec0
0x000000e31dcfef20:   000002af55486ec0 00007ffc6e36f4ef
0x000000e31dcfef30:   0000000000000000 00007ffc6e36222b
0x000000e31dcfef40:   000002af5549a4c0 0000000000000000
0x000000e31dcfef50:   000002af5547f634 0000000000000001
0x000000e31dcfef60:   0000000000000000 00007ffc6e35274c
0x000000e31dcfef70:   000002af5549a4c0 000000e31dcff100
0x000000e31dcfef80:   0000000000000000 000002af0f28afba
0x000000e31dcfef90:   0000000000000000 00007ffc6e365416
0x000000e31dcfefa0:   000002af5549a4c0 0000000000000000
0x000000e31dcfefb0:   0000000000000000 0000000000000004
0x000000e31dcfefc0:   000002af5549a4c0 0000000000000000
0x000000e31dcfefd0:   000002af55621dd8 00000000000000dd
0x000000e31dcfefe0:   000000000041073a 0000000000000000
0x000000e31dcfeff0:   00000000000000dd 00007ffc6e37081b
0x000000e31dcff000:   00000000000000d4 000000e31dcff100
0x000000e31dcff010:   000002af55621dd8 0000000000000000
0x000000e31dcff020:   000002af55621db0 00007ffc6e36c30f
0x000000e31dcff030:   000002af55621db0 0000000000000084
0x000000e31dcff040:   0000000000000000 0000000000000000
0x000000e31dcff050:   0000000002010001 000000e31dcff060
0x000000e31dcff060:   0000000000180016 00007ffc6e3775d0
0x000000e31dcff070:   00000b7800000002 0000000000000001
0x000000e31dcff080:   0000000000000020 000000d1000000e6
0x000000e31dcff090:   0000000000000201 00000110000002c9
0x000000e31dcff0a0:   00000000ff515780 00007ffc9be39d6c 

Instructions: (pc=0x00007ffc38a951f2)
0x00007ffc38a950f2:   89 4a 18 48 8b 4f 20 48 8b 57 08 48 89 4a 20 48
0x00007ffc38a95102:   8d 8b a0 03 00 00 e8 e3 38 ec ff 4c 8d 9c 24 a0
0x00007ffc38a95112:   00 00 00 90 49 8b 6b 28 0f b7 c6 49 8b 73 30 c7
0x00007ffc38a95122:   83 54 04 00 00 04 00 00 00 49 8b 5b 20 49 8b e3
0x00007ffc38a95132:   41 5e 41 5c 5f c3 cc cc cc cc cc cc cc cc 48 89
0x00007ffc38a95142:   5c 24 08 48 89 6c 24 10 48 89 74 24 18 57 41 54
0x00007ffc38a95152:   41 56 48 81 ec a0 00 00 00 8b 81 b8 00 00 00 48
0x00007ffc38a95162:   8d 99 40 fc ff ff 05 53 21 ff ff 49 8b e9 49 8b
0x00007ffc38a95172:   f0 48 8b fa 4c 8b f1 83 f8 01 77 08 48 8b cb e8
0x00007ffc38a95182:   da ca f9 ff 80 3d a7 de 7e 00 00 c7 83 54 04 00
0x00007ffc38a95192:   00 06 00 00 00 75 06 e8 a2 d6 27 00 90 48 8b 83
0x00007ffc38a951a2:   58 04 00 00 a8 01 74 0d 45 33 c0 b2 01 48 8b cb
0x00007ffc38a951b2:   e8 f9 11 2f 00 8b 83 50 04 00 00 a8 0c 74 08 48
0x00007ffc38a951c2:   8b cb e8 37 df f9 ff c7 83 54 04 00 00 06 00 00
0x00007ffc38a951d2:   00 48 83 7b 08 00 48 89 5c 24 50 48 c7 44 24 58
0x00007ffc38a951e2:   00 00 00 00 74 0a 48 8d 4c 24 50 e8 1e b0 2b 00
0x00007ffc38a951f2:   48 8b 16 48 8d 4c 24 70 c6 44 24 40 0c e8 bc 64
0x00007ffc38a95202:   00 00 48 8b c7 48 89 ac 24 98 00 00 00 83 e0 03
0x00007ffc38a95212:   4c 8d 25 47 51 5b 00 4c 89 64 24 70 48 83 f8 01
0x00007ffc38a95222:   75 0c 48 8d 4f ff ff 15 c2 5c 78 00 eb 15 48 83
0x00007ffc38a95232:   f8 02 75 0c 48 8d 4f fe ff 15 e0 cd 77 00 eb 03
0x00007ffc38a95242:   48 8b 07 8b 15 dd ed 7e 00 48 8b c8 e8 5d 7b 27
0x00007ffc38a95252:   00 48 8b d3 48 8b c8 4c 8b 00 41 ff 90 b0 00 00
0x00007ffc38a95262:   00 48 83 7b 08 00 75 35 48 8d 44 24 70 48 89 5c
0x00007ffc38a95272:   24 30 48 89 44 24 28 48 8d 54 24 40 45 33 c9 48
0x00007ffc38a95282:   89 74 24 20 45 33 c0 49 8b ce e8 ff 75 00 00 48
0x00007ffc38a95292:   83 7b 08 00 75 07 48 8b 74 24 48 eb 02 33 f6 48
0x00007ffc38a952a2:   83 7c 24 58 00 4c 89 64 24 70 48 c7 84 24 98 00
0x00007ffc38a952b2:   00 00 00 00 00 00 74 0a 48 8d 4c 24 50 e8 cc af
0x00007ffc38a952c2:   2b 00 48 8b bb 98 01 00 00 48 8b 47 10 48 83 38
0x00007ffc38a952d2:   00 74 08 48 8b cf e8 23 ea f4 ff 48 8b 57 08 48
0x00007ffc38a952e2:   8b 4f 10 48 89 4a 10 48 8b 57 08 48 8b 4f 18 48 


Stack slot to memory mapping:

stack at sp + 0 slots: 0x0 is null
stack at sp + 1 slots: 0x0 is null
stack at sp + 2 slots: 0x00007ffc3904a360 jvm.dll
stack at sp + 3 slots: 0x000002af10446ae0 is pointing into metadata
stack at sp + 4 slots: 0x000002af5549a10e points into unknown readable memory: 00 00
stack at sp + 5 slots: 0x000000000000019d is an unknown value
stack at sp + 6 slots: 0x000000e31dcfed90 is pointing into the stack for thread: 0x000002af5549a100
stack at sp + 7 slots: 0x0 is null

native method entry point (kind = native)  [0x000002af0753cba0, 0x000002af0753d6c0]  2848 bytes
[MachCode]
  0x000002af0753cba0: 488b 4b08 | 0fb7 492e | 584c 8d74 | ccf8 6800 | 0000 0068 | 0000 0000 | 5055 488b | ec41 5568 
  0x000002af0753cbc0: 0000 0000 | 4c8b 6b08 | 4d8d 6d38 | 5348 8b53 | 0848 8b52 | 0848 8b52 | 1848 8b52 | 7048 8b12 
  0x000002af0753cbe0: 5248 8b53 | 1048 85d2 | 0f84 0700 | 0000 4881 | c210 0100 | 0052 488b | 5308 488b | 5208 488b 
  0x000002af0753cc00: 5210 5249 | 8bc6 482b | c548 c1e8 | 0350 6800 | 0000 0068 | f7ff ffff | 41c6 8781 | 0400 0001 
  0x000002af0753cc20: 488b 4310 | 4885 c074 | 208b 88cc | 0000 0083 | c102 8988 | cc00 0000 | 2388 e000 | 0000 0f84 
  0x000002af0753cc40: cb09 0000 | e9cf 0000 | 0048 8b43 | 1848 85c0 | 0f85 b000 | 0000 e805 | 0000 00e9 | 9900 0000 
  0x000002af0753cc60: 488b d348 | 8d44 2408 | 4c89 6dc0 | 498b cfc5 | f877 4989 | afb0 0300 | 0049 8987 | a003 0000 
  0x000002af0753cc80: 4883 ec20 | 40f6 c40f | 0f84 1900 | 0000 4883 | ec08 48b8 | a0a3 a138 | fc7f 0000 | ffd0 4883 
  0x000002af0753cca0: c408 e90c | 0000 0048 | b8a0 a3a1 | 38fc 7f00 | 00ff d048 | 83c4 2049 | c787 a003 | 0000 0000 
  0x000002af0753ccc0: 0000 49c7 | 87b0 0300 | 0000 0000 | 0049 c787 | a803 0000 | 0000 0000 | c5f8 7749 | 837f 0800 
  0x000002af0753cce0: 0f84 0500 | 0000 e915 | 42ff ff4c | 8b6d c04c | 8b75 c84e | 8d74 f500 | c348 8b43 | 1848 85c0 
  0x000002af0753cd00: 0f84 1200 | 0000 8b48 | 0883 c102 | 8948 0823 | 481c 0f84 | f708 0000 | 493b a7f0 | 0400 000f 
  0x000002af0753cd20: 8748 0000 | 0089 8424 | 00f0 ffff | 8984 2400 | e0ff ff89 | 8424 00d0 | ffff 8984 | 2400 c0ff 
  0x000002af0753cd40: ff89 8424 | 00b0 ffff | 8984 2400 | a0ff ff89 | 8424 0090 | ffff 8984 | 2400 80ff | ff49 3ba7 
  0x000002af0753cd60: e804 0000 | 7607 4989 | a7f0 0400 | 0041 c687 | 8104 0000 | 0049 ba9c | 3028 39fc | 7f00 0041 
  0x000002af0753cd80: 803a 000f | 843e 0000 | 0048 8b55 | e849 8bcf | 4883 ec20 | 40f6 c40f | 0f84 1900 | 0000 4883 
  0x000002af0753cda0: ec08 48b8 | 40b5 d838 | fc7f 0000 | ffd0 4883 | c408 e90c | 0000 0048 | b840 b5d8 | 38fc 7f00 
  0x000002af0753cdc0: 00ff d048 | 83c4 2048 | 8b5d e84c | 8b5b 0845 | 0fb7 5b2e | 41c1 e303 | 492b e348 | 83ec 2048 
  0x000002af0753cde0: 83e4 f04c | 8b5b 604d | 85db 0f85 | ab00 0000 | e805 0000 | 00e9 9900 | 0000 488b | d348 8d44 
  0x000002af0753ce00: 2408 4c89 | 6dc0 498b | cfc5 f877 | 4989 afb0 | 0300 0049 | 8987 a003 | 0000 4883 | ec20 40f6 
  0x000002af0753ce20: c40f 0f84 | 1900 0000 | 4883 ec08 | 48b8 c0ca | a138 fc7f | 0000 ffd0 | 4883 c408 | e90c 0000 
  0x000002af0753ce40: 0048 b8c0 | caa1 38fc | 7f00 00ff | d048 83c4 | 2049 c787 | a003 0000 | 0000 0000 | 49c7 87b0 
  0x000002af0753ce60: 0300 0000 | 0000 0049 | c787 a803 | 0000 0000 | 0000 c5f8 | 7749 837f | 0800 0f84 | 0500 0000 
  0x000002af0753ce80: e97b 40ff | ff4c 8b6d | c04c 8b75 | c84e 8d74 | f500 c348 | 8b5d e84c | 8b5b 6041 | ffd3 488b 
  0x000002af0753cea0: 5de8 4889 | 4518 448b | 5b28 41f6 | c308 0f84 | 1b00 0000 | 4c8b 5b08 | 4d8b 5b08 | 4d8b 5b18 
  0x000002af0753cec0: 4d8b 5b70 | 4d8b 1b4c | 895d 1048 | 8d55 1048 | 8b43 5849 | ba40 0cd9 | 38fc 7f00 | 0049 3bc2 
  0x000002af0753cee0: 0f85 ab00 | 0000 e805 | 0000 00e9 | 9900 0000 | 488b d348 | 8d44 2408 | 4c89 6dc0 | 498b cfc5 
  0x000002af0753cf00: f877 4989 | afb0 0300 | 0049 8987 | a003 0000 | 4883 ec20 | 40f6 c40f | 0f84 1900 | 0000 4883 
  0x000002af0753cf20: ec08 48b8 | c0ca a138 | fc7f 0000 | ffd0 4883 | c408 e90c | 0000 0048 | b8c0 caa1 | 38fc 7f00 
  0x000002af0753cf40: 00ff d048 | 83c4 2049 | c787 a003 | 0000 0000 | 0000 49c7 | 87b0 0300 | 0000 0000 | 0049 c787 
  0x000002af0753cf60: a803 0000 | 0000 0000 | c5f8 7749 | 837f 0800 | 0f84 0500 | 0000 e985 | 3fff ff4c | 8b6d c04c 
  0x000002af0753cf80: 8b75 c84e | 8d74 f500 | c348 8b5d | e848 8b43 | 5849 8d8f | c003 0000 | c5f8 7749 | 89af b003 
  0x000002af0753cfa0: 0000 49ba | 98cf 5307 | af02 0000 | 4d89 97a8 | 0300 0049 | 89a7 a003 | 0000 41c7 | 8754 0400 
  0x000002af0753cfc0: 0004 0000 | 00ff d0c5 | f877 4883 | ec10 c5fb | 1104 2448 | 83ec 1048 | 8904 2448 | c744 2408 
  0x000002af0753cfe0: 0000 0000 | 41c7 8754 | 0400 0005 | 0000 00f0 | 8344 24c0 | 0049 3baf | 5804 0000 | 0f87 0e00 
  0x000002af0753d000: 0000 4183 | bf50 0400 | 0000 0f84 | 2000 0000 | 498b cf4c | 8be4 4883 | ec20 4883 | e4f0 48b8 
  0x000002af0753d020: d01e a338 | fc7f 0000 | ffd0 498b | e44d 33e4 | 41c7 8754 | 0400 0008 | 0000 0049 | c787 a003 
  0x000002af0753d040: 0000 0000 | 0000 49c7 | 87b0 0300 | 0000 0000 | 0049 c787 | a803 0000 | 0000 0000 | c5f8 774d 
  0x000002af0753d060: 8b9f 3004 | 0000 41c7 | 8300 0100 | 0000 0000 | 0049 bb1a | a553 07af | 0200 004c | 3b5d 180f 
  0x000002af0753d080: 8524 0200 | 0048 8b04 | 2448 83c4 | 1048 85c0 | 0f84 fe01 | 0000 a803 | 0f85 0800 | 0000 488b 
  0x000002af0753d0a0: 00e9 ee01 | 0000 a801 | 0f85 0900 | 0000 488b | 40fe e9dd | 0100 0048 | 8b40 ff41 | 807f 3800 
  0x000002af0753d0c0: 0f84 ce01 | 0000 4883 | f800 0f84 | c401 0000 | 4d8b 5f28 | 4983 fb00 | 0f84 1400 | 0000 4983 
  0x000002af0753d0e0: eb08 4d89 | 5f28 4d03 | 5f30 4989 | 03e9 a201 | 0000 4881 | ecd0 0000 | 0048 8904 | 2448 894c 
  0x000002af0753d100: 2408 4889 | 5424 1048 | 8974 2418 | 4889 7c24 | 204c 8944 | 2428 4c89 | 4c24 304c | 8954 2438 
  0x000002af0753d120: 4c89 5c24 | 40c5 fb11 | 4424 50c5 | fb11 4c24 | 58c5 fb11 | 5424 60c5 | fb11 5c24 | 68c5 fb11 
  0x000002af0753d140: 6424 70c5 | fb11 6c24 | 78c5 fb11 | b424 8000 | 0000 c5fb | 11bc 2488 | 0000 00c5 | 7b11 8424 
  0x000002af0753d160: 9000 0000 | c57b 118c | 2498 0000 | 00c5 7b11 | 9424 a000 | 0000 c57b | 119c 24a8 | 0000 00c5 
  0x000002af0753d180: 7b11 a424 | b000 0000 | c57b 11ac | 24b8 0000 | 00c5 7b11 | b424 c000 | 0000 c57b | 11bc 24c8 
  0x000002af0753d1a0: 0000 0049 | 8bd7 488b | c848 83ec | 2040 f6c4 | 0f0f 8419 | 0000 0048 | 83ec 0848 | b8e0 3e96 
  0x000002af0753d1c0: 38fc 7f00 | 00ff d048 | 83c4 08e9 | 0c00 0000 | 48b8 e03e | 9638 fc7f | 0000 ffd0 | 4883 c420 
  0x000002af0753d1e0: c57b 10bc | 24c8 0000 | 00c5 7b10 | b424 c000 | 0000 c57b | 10ac 24b8 | 0000 00c5 | 7b10 a424 
  0x000002af0753d200: b000 0000 | c57b 109c | 24a8 0000 | 00c5 7b10 | 9424 a000 | 0000 c57b | 108c 2498 | 0000 00c5 
  0x000002af0753d220: 7b10 8424 | 9000 0000 | c5fb 10bc | 2488 0000 | 00c5 fb10 | b424 8000 | 0000 c5fb | 106c 2478 
  0x000002af0753d240: c5fb 1064 | 2470 c5fb | 105c 2468 | c5fb 1054 | 2460 c5fb | 104c 2458 | c5fb 1044 | 2450 4c8b 
  0x000002af0753d260: 5c24 404c | 8b54 2438 | 4c8b 4c24 | 304c 8b44 | 2428 488b | 7c24 2048 | 8b74 2418 | 488b 5424 
  0x000002af0753d280: 1048 8b4c | 2408 488b | 0424 4881 | c4d0 0000 | 00c5 f877 | 4889 4510 | 4883 ec10 | 4889 0424 
  0x000002af0753d2a0: 48c7 4424 | 0800 0000 | 0041 83bf | d004 0000 | 020f 85bf | 0000 0048 | 81ec 8000 | 0000 4889 
  0x000002af0753d2c0: 4424 7848 | 894c 2470 | 4889 5424 | 6848 895c | 2460 4889 | 6c24 5048 | 8974 2448 | 4889 7c24 
  0x000002af0753d2e0: 404c 8944 | 2438 4c89 | 4c24 304c | 8954 2428 | 4c89 5c24 | 204c 8964 | 2418 4c89 | 6c24 104c 
  0x000002af0753d300: 8974 2408 | 4c89 3c24 | 4c8b e448 | 83ec 2048 | 83e4 f048 | b890 edd8 | 38fc 7f00 | 00ff d049 
  0x000002af0753d320: 8be4 4c8b | 3c24 4c8b | 7424 084c | 8b6c 2410 | 4c8b 6424 | 184c 8b5c | 2420 4c8b | 5424 284c 
  0x000002af0753d340: 8b4c 2430 | 4c8b 4424 | 3848 8b7c | 2440 488b | 7424 4848 | 8b6c 2450 | 488b 5c24 | 6048 8b54 
  0x000002af0753d360: 2468 488b | 4c24 7048 | 8b44 2478 | 4881 c480 | 0000 004d | 33e4 488b | 5de8 4c8b | 6b08 4d8d 
  0x000002af0753d380: 6d38 4983 | 7f08 000f | 84bb 0000 | 00e8 0500 | 0000 e996 | 0000 0048 | 8d44 2408 | 4c89 6dc0 
  0x000002af0753d3a0: 498b cfc5 | f877 4989 | afb0 0300 | 0049 8987 | a003 0000 | 4883 ec20 | 40f6 c40f | 0f84 1900 
  0x000002af0753d3c0: 0000 4883 | ec08 48b8 | 00e9 a138 | fc7f 0000 | ffd0 4883 | c408 e90c | 0000 0048 | b800 e9a1 
  0x000002af0753d3e0: 38fc 7f00 | 00ff d048 | 83c4 2049 | c787 a003 | 0000 0000 | 0000 49c7 | 87b0 0300 | 0000 0000 
  0x000002af0753d400: 0049 c787 | a803 0000 | 0000 0000 | c5f8 7749 | 837f 0800 | 0f84 0500 | 0000 e9e1 | 3aff ff4c 
  0x000002af0753d420: 8b6d c04c | 8b75 c84e | 8d74 f500 | c348 b9c0 | 1800 39fc | 7f00 0048 | 83e4 f048 | b8c0 94c7 
  0x000002af0753d440: 38fc 7f00 | 00ff d0f4 | 448b 5b28 | 41f6 c320 | 0f84 4401 | 0000 488d | 55a8 4c8b | 5a08 4d85 
  0x000002af0753d460: db0f 85bb | 0000 00e8 | 0500 0000 | e996 0000 | 0048 8d44 | 2408 4c89 | 6dc0 498b | cfc5 f877 
  0x000002af0753d480: 4989 afb0 | 0300 0049 | 8987 a003 | 0000 4883 | ec20 40f6 | c40f 0f84 | 1900 0000 | 4883 ec08 
  0x000002af0753d4a0: 48b8 30e8 | a138 fc7f | 0000 ffd0 | 4883 c408 | e90c 0000 | 0048 b830 | e8a1 38fc | 7f00 00ff 
  0x000002af0753d4c0: d048 83c4 | 2049 c787 | a003 0000 | 0000 0000 | 49c7 87b0 | 0300 0000 | 0000 0049 | c787 a803 
  0x000002af0753d4e0: 0000 0000 | 0000 c5f8 | 7749 837f | 0800 0f84 | 0500 0000 | e907 3aff | ff4c 8b6d | c04c 8b75 
  0x000002af0753d500: c84e 8d74 | f500 c348 | b9c0 1800 | 39fc 7f00 | 0048 83e4 | f048 b8c0 | 94c7 38fc | 7f00 00ff 
  0x000002af0753d520: d0f4 4c89 | 6dc0 488d | 024c 8b4a | 0848 c742 | 0800 0000 | 004c 8b00 | 4d85 c00f | 840b 0000 
  0x000002af0753d540: 00f0 4d0f | b101 0f85 | 0c00 0000 | 49ff 8f58 | 0500 00e9 | 3e00 0000 | 4c89 4a08 | 488b ca48 
  0x000002af0753d560: 83ec 2040 | f6c4 0f0f | 8419 0000 | 0048 83ec | 0848 b8c0 | baa1 38fc | 7f00 00ff | d048 83c4 
  0x000002af0753d580: 08e9 0c00 | 0000 48b8 | c0ba a138 | fc7f 0000 | ffd0 4883 | c420 4c8b | 6dc0 49ba | 9c30 2839 
  0x000002af0753d5a0: fc7f 0000 | 4180 3a00 | 0f84 3e00 | 0000 488b | 55e8 498b | cf48 83ec | 2040 f6c4 | 0f0f 8419 
  0x000002af0753d5c0: 0000 0048 | 83ec 0848 | b840 b5d8 | 38fc 7f00 | 00ff d048 | 83c4 08e9 | 0c00 0000 | 48b8 40b5 
  0x000002af0753d5e0: d838 fc7f | 0000 ffd0 | 4883 c420 | 488b 0424 | 4883 c410 | c5fb 1004 | 2448 83c4 | 104c 8b5d 
  0x000002af0753d600: 1841 ffd3 | 4c8b 5df8 | c95f 498b | e3ff e7ba | 0000 0000 | e805 0000 | 00e9 9600 | 0000 488d 
  0x000002af0753d620: 4424 084c | 896d c049 | 8bcf c5f8 | 7749 89af | b003 0000 | 4989 87a0 | 0300 0048 | 83ec 2040 
  0x000002af0753d640: f6c4 0f0f | 8419 0000 | 0048 83ec | 0848 b880 | aea1 38fc | 7f00 00ff | d048 83c4 | 08e9 0c00 
  0x000002af0753d660: 0000 48b8 | 80ae a138 | fc7f 0000 | ffd0 4883 | c420 49c7 | 87a0 0300 | 0000 0000 | 0049 c787 
  0x000002af0753d680: b003 0000 | 0000 0000 | 49c7 87a8 | 0300 0000 | 0000 00c5 | f877 4983 | 7f08 000f | 8405 0000 
  0x000002af0753d6a0: 00e9 5a38 | ffff 4c8b | 6dc0 4c8b | 75c8 4e8d | 74f5 00c3 | 488b 5de8 | e95b f6ff | ff66 6690 
[/MachCode]

---------------  P R O C E S S  ---------------

Threads class SMR info:
_java_thread_list=0x000002af5c43aac0, length=18, elements={
0x000002af711790a0, 0x000002af0f29da30, 0x000002af0f2a3860, 0x000002af0f2a6580,
0x000002af0f2a6fe0, 0x000002af0f2a7a40, 0x000002af0f2a84a0, 0x000002af0f2ab240,
0x000002af0f2af130, 0x000002af0f5538b0, 0x000002af0f554730, 0x000002af0f61b650,
0x000002af5523dad0, 0x000002af55483060, 0x000002af5549a100, 0x000002af556162e0,
0x000002af5a956410, 0x000002af5ab45f20
}

Java Threads: ( => current thread )
  0x000002af711790a0 JavaThread "main"                              [_thread_blocked, id=14724, stack(0x000000e31c700000,0x000000e31c800000) (1024K)]
  0x000002af0f29da30 JavaThread "Reference Handler"          daemon [_thread_blocked, id=1288, stack(0x000000e31cf00000,0x000000e31d000000) (1024K)]
  0x000002af0f2a3860 JavaThread "Finalizer"                  daemon [_thread_blocked, id=6212, stack(0x000000e31d000000,0x000000e31d100000) (1024K)]
  0x000002af0f2a6580 JavaThread "Signal Dispatcher"          daemon [_thread_blocked, id=18404, stack(0x000000e31d100000,0x000000e31d200000) (1024K)]
  0x000002af0f2a6fe0 JavaThread "Attach Listener"            daemon [_thread_blocked, id=11452, stack(0x000000e31d200000,0x000000e31d300000) (1024K)]
  0x000002af0f2a7a40 JavaThread "Service Thread"             daemon [_thread_blocked, id=17552, stack(0x000000e31d300000,0x000000e31d400000) (1024K)]
  0x000002af0f2a84a0 JavaThread "Monitor Deflation Thread"   daemon [_thread_blocked, id=7240, stack(0x000000e31d400000,0x000000e31d500000) (1024K)]
  0x000002af0f2ab240 JavaThread "C2 CompilerThread0"         daemon [_thread_blocked, id=8304, stack(0x000000e31d500000,0x000000e31d600000) (1024K)]
  0x000002af0f2af130 JavaThread "C1 CompilerThread0"         daemon [_thread_blocked, id=13212, stack(0x000000e31d600000,0x000000e31d700000) (1024K)]
  0x000002af0f5538b0 JavaThread "Notification Thread"        daemon [_thread_blocked, id=16588, stack(0x000000e31d700000,0x000000e31d800000) (1024K)]
  0x000002af0f554730 JavaThread "Common-Cleaner"             daemon [_thread_blocked, id=19764, stack(0x000000e31d800000,0x000000e31d900000) (1024K)]
  0x000002af0f61b650 JavaThread "JavaFX-Launcher"                   [_thread_blocked, id=15768, stack(0x000000e31d900000,0x000000e31da00000) (1024K)]
  0x000002af5523dad0 JavaThread "QuantumRenderer-0"          daemon [_thread_blocked, id=19920, stack(0x000000e31da00000,0x000000e31db00000) (1024K)]
  0x000002af55483060 JavaThread "InvokeLaterDispatcher"      daemon [_thread_blocked, id=19048, stack(0x000000e31db00000,0x000000e31dc00000) (1024K)]
=>0x000002af5549a100 JavaThread "JavaFX Application Thread"         [_thread_in_vm, id=4380, stack(0x000000e31dc00000,0x000000e31dd00000) (1024K)]
  0x000002af556162e0 JavaThread "Thread-2"                   daemon [_thread_blocked, id=11216, stack(0x000000e31e000000,0x000000e31e100000) (1024K)]
  0x000002af5a956410 JavaThread "Prism Font Disposer"        daemon [_thread_blocked, id=6764, stack(0x000000e31e800000,0x000000e31e900000) (1024K)]
  0x000002af5ab45f20 JavaThread "Cleaner-0"                  daemon [_thread_blocked, id=3172, stack(0x000000e31ea00000,0x000000e31eb00000) (1024K)]
Total: 18

Other Threads:
  0x000002af0f2837e0 VMThread "VM Thread"                           [id=1956, stack(0x000000e31ce00000,0x000000e31cf00000) (1024K)] _threads_hazard_ptr=0x000002af5c43aac0
  0x000002af0f26c3c0 WatcherThread "VM Periodic Task Thread"        [id=22308, stack(0x000000e31cd00000,0x000000e31ce00000) (1024K)]
  0x000002af713a2220 WorkerThread "GC Thread#0"                     [id=20156, stack(0x000000e31c800000,0x000000e31c900000) (1024K)]
  0x000002af557311c0 WorkerThread "GC Thread#1"                     [id=20760, stack(0x000000e31e100000,0x000000e31e200000) (1024K)]
  0x000002af55731570 WorkerThread "GC Thread#2"                     [id=16116, stack(0x000000e31e200000,0x000000e31e300000) (1024K)]
  0x000002af5564f540 WorkerThread "GC Thread#3"                     [id=6436, stack(0x000000e31e300000,0x000000e31e400000) (1024K)]
  0x000002af713b2e50 ConcurrentGCThread "G1 Main Marker"            [id=20408, stack(0x000000e31c900000,0x000000e31ca00000) (1024K)]
  0x000002af713b3960 WorkerThread "G1 Conc#0"                       [id=9020, stack(0x000000e31ca00000,0x000000e31cb00000) (1024K)]
  0x000002af0f1310b0 ConcurrentGCThread "G1 Refine#0"               [id=22520, stack(0x000000e31cb00000,0x000000e31cc00000) (1024K)]
  0x000002af0f131de0 ConcurrentGCThread "G1 Service"                [id=8372, stack(0x000000e31cc00000,0x000000e31cd00000) (1024K)]
Total: 10

Threads with active compile tasks:
Total: 0

VM state: synchronizing (normal execution)

VM Mutex/Monitor currently owned by a thread:  ([mutex/lock_event])
[0x00007ffc392abbb8] Threads_lock - owner thread: 0x000002af0f2837e0

Heap address: 0x0000000081e00000, size: 2018 MB, Compressed Oops mode: 32-bit

CDS archive(s) mapped at: [0x000002af10000000-0x000002af10c60000-0x000002af10c60000), size 12976128, SharedBaseAddress: 0x000002af10000000, ArchiveRelocationMode: 1.
Compressed class space mapped at: 0x000002af11000000-0x000002af51000000, reserved size: 1073741824
Narrow klass base: 0x000002af10000000, Narrow klass shift: 0, Narrow klass range: 0x41000000

GC Precious Log:
 CardTable entry size: 512
 Card Set container configuration: InlinePtr #cards 5 size 8 Array Of Cards #cards 12 size 40 Howl #buckets 4 coarsen threshold 1843 Howl Bitmap #cards 512 size 80 coarsen threshold 460 Card regions per heap region 1 cards per card region 2048
 CPUs: 4 total, 4 available
 Memory: 8067M
 Large Page Support: Disabled
 NUMA Support: Disabled
 Compressed Oops: Enabled (32-bit)
 Heap Region Size: 1M
 Heap Min Capacity: 8M
 Heap Initial Capacity: 128M
 Heap Max Capacity: 2018M
 Pre-touch: Disabled
 Parallel Workers: 4
 Concurrent Workers: 1
 Concurrent Refinement Workers: 4
 Periodic GC: Disabled

Heap:
 garbage-first heap   total reserved 2066432K, committed 131072K, used 35397K [0x0000000081e00000, 0x0000000100000000)
  region size 1024K, 22 young (22528K), 3 survivors (3072K)
 Metaspace       used 17286K, committed 17664K, reserved 1114112K
  class space    used 2731K, committed 2880K, reserved 1048576K

Heap Regions: E=young(eden), S=young(survivor), O=old, HS=humongous(starts), HC=humongous(continues), CS=collection set, F=free, TAMS=top-at-mark-start, PB=parsable bottom
|   0|0x0000000081e00000, 0x0000000081f00000, 0x0000000081f00000|100%|HS|  |TAMS 0x0000000081e00000| PB 0x0000000081e00000| Complete |  0
|   1|0x0000000081f00000, 0x0000000082000000, 0x0000000082000000|100%|HC|  |TAMS 0x0000000081f00000| PB 0x0000000081f00000| Complete |  0
|   2|0x0000000082000000, 0x0000000082100000, 0x0000000082100000|100%| O|  |TAMS 0x0000000082000000| PB 0x0000000082000000| Untracked |  0
|   3|0x0000000082100000, 0x0000000082200000, 0x0000000082200000|100%|HS|  |TAMS 0x0000000082100000| PB 0x0000000082100000| Complete |  0
|   4|0x0000000082200000, 0x0000000082300000, 0x0000000082300000|100%|HC|  |TAMS 0x0000000082200000| PB 0x0000000082200000| Complete |  0
|   5|0x0000000082300000, 0x0000000082400000, 0x0000000082400000|100%|HC|  |TAMS 0x0000000082300000| PB 0x0000000082300000| Complete |  0
|   6|0x0000000082400000, 0x0000000082500000, 0x0000000082500000|100%| O|  |TAMS 0x0000000082400000| PB 0x0000000082400000| Untracked |  0
|   7|0x0000000082500000, 0x0000000082600000, 0x0000000082600000|100%| O|  |TAMS 0x0000000082500000| PB 0x0000000082500000| Untracked |  0
|   8|0x0000000082600000, 0x0000000082700000, 0x0000000082700000|100%|HS|  |TAMS 0x0000000082600000| PB 0x0000000082600000| Complete |  0
|   9|0x0000000082700000, 0x0000000082800000, 0x0000000082800000|100%|HC|  |TAMS 0x0000000082700000| PB 0x0000000082700000| Complete |  0
|  10|0x0000000082800000, 0x0000000082900000, 0x0000000082900000|100%|HS|  |TAMS 0x0000000082800000| PB 0x0000000082800000| Complete |  0
|  11|0x0000000082900000, 0x0000000082a00000, 0x0000000082a00000|100%|HC|  |TAMS 0x0000000082900000| PB 0x0000000082900000| Complete |  0
|  12|0x0000000082a00000, 0x0000000082a91640, 0x0000000082b00000| 56%| O|  |TAMS 0x0000000082a00000| PB 0x0000000082a00000| Untracked |  0
|  13|0x0000000082b00000, 0x0000000082c00000, 0x0000000082c00000|100%|HS|  |TAMS 0x0000000082b00000| PB 0x0000000082b00000| Complete |  0
|  14|0x0000000082c00000, 0x0000000082d00000, 0x0000000082d00000|100%|HC|  |TAMS 0x0000000082c00000| PB 0x0000000082c00000| Complete |  0
|  15|0x0000000082d00000, 0x0000000082d00000, 0x0000000082e00000|  0%| F|  |TAMS 0x0000000082d00000| PB 0x0000000082d00000| Untracked |  0
|  16|0x0000000082e00000, 0x0000000082e00000, 0x0000000082f00000|  0%| F|  |TAMS 0x0000000082e00000| PB 0x0000000082e00000| Untracked |  0
|  17|0x0000000082f00000, 0x0000000082f00000, 0x0000000083000000|  0%| F|  |TAMS 0x0000000082f00000| PB 0x0000000082f00000| Untracked |  0
|  18|0x0000000083000000, 0x0000000083000000, 0x0000000083100000|  0%| F|  |TAMS 0x0000000083000000| PB 0x0000000083000000| Untracked |  0
|  19|0x0000000083100000, 0x0000000083100000, 0x0000000083200000|  0%| F|  |TAMS 0x0000000083100000| PB 0x0000000083100000| Untracked |  0
|  20|0x0000000083200000, 0x0000000083200000, 0x0000000083300000|  0%| F|  |TAMS 0x0000000083200000| PB 0x0000000083200000| Untracked |  0
|  21|0x0000000083300000, 0x0000000083300000, 0x0000000083400000|  0%| F|  |TAMS 0x0000000083300000| PB 0x0000000083300000| Untracked |  0
|  22|0x0000000083400000, 0x0000000083400000, 0x0000000083500000|  0%| F|  |TAMS 0x0000000083400000| PB 0x0000000083400000| Untracked |  0
|  23|0x0000000083500000, 0x0000000083500000, 0x0000000083600000|  0%| F|  |TAMS 0x0000000083500000| PB 0x0000000083500000| Untracked |  0
|  24|0x0000000083600000, 0x0000000083600000, 0x0000000083700000|  0%| F|  |TAMS 0x0000000083600000| PB 0x0000000083600000| Untracked |  0
|  25|0x0000000083700000, 0x0000000083700000, 0x0000000083800000|  0%| F|  |TAMS 0x0000000083700000| PB 0x0000000083700000| Untracked |  0
|  26|0x0000000083800000, 0x0000000083800000, 0x0000000083900000|  0%| F|  |TAMS 0x0000000083800000| PB 0x0000000083800000| Untracked |  0
|  27|0x0000000083900000, 0x0000000083900000, 0x0000000083a00000|  0%| F|  |TAMS 0x0000000083900000| PB 0x0000000083900000| Untracked |  0
|  28|0x0000000083a00000, 0x0000000083a00000, 0x0000000083b00000|  0%| F|  |TAMS 0x0000000083a00000| PB 0x0000000083a00000| Untracked |  0
|  29|0x0000000083b00000, 0x0000000083b00000, 0x0000000083c00000|  0%| F|  |TAMS 0x0000000083b00000| PB 0x0000000083b00000| Untracked |  0
|  30|0x0000000083c00000, 0x0000000083c00000, 0x0000000083d00000|  0%| F|  |TAMS 0x0000000083c00000| PB 0x0000000083c00000| Untracked |  0
|  31|0x0000000083d00000, 0x0000000083d00000, 0x0000000083e00000|  0%| F|  |TAMS 0x0000000083d00000| PB 0x0000000083d00000| Untracked |  0
|  32|0x0000000083e00000, 0x0000000083e00000, 0x0000000083f00000|  0%| F|  |TAMS 0x0000000083e00000| PB 0x0000000083e00000| Untracked |  0
|  33|0x0000000083f00000, 0x0000000083f00000, 0x0000000084000000|  0%| F|  |TAMS 0x0000000083f00000| PB 0x0000000083f00000| Untracked |  0
|  34|0x0000000084000000, 0x0000000084000000, 0x0000000084100000|  0%| F|  |TAMS 0x0000000084000000| PB 0x0000000084000000| Untracked |  0
|  35|0x0000000084100000, 0x0000000084100000, 0x0000000084200000|  0%| F|  |TAMS 0x0000000084100000| PB 0x0000000084100000| Untracked |  0
|  36|0x0000000084200000, 0x0000000084200000, 0x0000000084300000|  0%| F|  |TAMS 0x0000000084200000| PB 0x0000000084200000| Untracked |  0
|  37|0x0000000084300000, 0x0000000084300000, 0x0000000084400000|  0%| F|  |TAMS 0x0000000084300000| PB 0x0000000084300000| Untracked |  0
|  38|0x0000000084400000, 0x0000000084400000, 0x0000000084500000|  0%| F|  |TAMS 0x0000000084400000| PB 0x0000000084400000| Untracked |  0
|  39|0x0000000084500000, 0x0000000084500000, 0x0000000084600000|  0%| F|  |TAMS 0x0000000084500000| PB 0x0000000084500000| Untracked |  0
|  40|0x0000000084600000, 0x0000000084600000, 0x0000000084700000|  0%| F|  |TAMS 0x0000000084600000| PB 0x0000000084600000| Untracked |  0
|  41|0x0000000084700000, 0x0000000084700000, 0x0000000084800000|  0%| F|  |TAMS 0x0000000084700000| PB 0x0000000084700000| Untracked |  0
|  42|0x0000000084800000, 0x0000000084800000, 0x0000000084900000|  0%| F|  |TAMS 0x0000000084800000| PB 0x0000000084800000| Untracked |  0
|  43|0x0000000084900000, 0x0000000084900000, 0x0000000084a00000|  0%| F|  |TAMS 0x0000000084900000| PB 0x0000000084900000| Untracked |  0
|  44|0x0000000084a00000, 0x0000000084a00000, 0x0000000084b00000|  0%| F|  |TAMS 0x0000000084a00000| PB 0x0000000084a00000| Untracked |  0
|  45|0x0000000084b00000, 0x0000000084b00000, 0x0000000084c00000|  0%| F|  |TAMS 0x0000000084b00000| PB 0x0000000084b00000| Untracked |  0
|  46|0x0000000084c00000, 0x0000000084c00000, 0x0000000084d00000|  0%| F|  |TAMS 0x0000000084c00000| PB 0x0000000084c00000| Untracked |  0
|  47|0x0000000084d00000, 0x0000000084d00000, 0x0000000084e00000|  0%| F|  |TAMS 0x0000000084d00000| PB 0x0000000084d00000| Untracked |  0
|  48|0x0000000084e00000, 0x0000000084e00000, 0x0000000084f00000|  0%| F|  |TAMS 0x0000000084e00000| PB 0x0000000084e00000| Untracked |  0
|  49|0x0000000084f00000, 0x0000000084f00000, 0x0000000085000000|  0%| F|  |TAMS 0x0000000084f00000| PB 0x0000000084f00000| Untracked |  0
|  50|0x0000000085000000, 0x0000000085000000, 0x0000000085100000|  0%| F|  |TAMS 0x0000000085000000| PB 0x0000000085000000| Untracked |  0
|  51|0x0000000085100000, 0x0000000085100000, 0x0000000085200000|  0%| F|  |TAMS 0x0000000085100000| PB 0x0000000085100000| Untracked |  0
|  52|0x0000000085200000, 0x0000000085200000, 0x0000000085300000|  0%| F|  |TAMS 0x0000000085200000| PB 0x0000000085200000| Untracked |  0
|  53|0x0000000085300000, 0x0000000085300000, 0x0000000085400000|  0%| F|  |TAMS 0x0000000085300000| PB 0x0000000085300000| Untracked |  0
|  54|0x0000000085400000, 0x0000000085400000, 0x0000000085500000|  0%| F|  |TAMS 0x0000000085400000| PB 0x0000000085400000| Untracked |  0
|  55|0x0000000085500000, 0x0000000085500000, 0x0000000085600000|  0%| F|  |TAMS 0x0000000085500000| PB 0x0000000085500000| Untracked |  0
|  56|0x0000000085600000, 0x0000000085600000, 0x0000000085700000|  0%| F|  |TAMS 0x0000000085600000| PB 0x0000000085600000| Untracked |  0
|  57|0x0000000085700000, 0x0000000085700000, 0x0000000085800000|  0%| F|  |TAMS 0x0000000085700000| PB 0x0000000085700000| Untracked |  0
|  58|0x0000000085800000, 0x0000000085800000, 0x0000000085900000|  0%| F|  |TAMS 0x0000000085800000| PB 0x0000000085800000| Untracked |  0
|  59|0x0000000085900000, 0x0000000085900000, 0x0000000085a00000|  0%| F|  |TAMS 0x0000000085900000| PB 0x0000000085900000| Untracked |  0
|  60|0x0000000085a00000, 0x0000000085a00000, 0x0000000085b00000|  0%| F|  |TAMS 0x0000000085a00000| PB 0x0000000085a00000| Untracked |  0
|  61|0x0000000085b00000, 0x0000000085b00000, 0x0000000085c00000|  0%| F|  |TAMS 0x0000000085b00000| PB 0x0000000085b00000| Untracked |  0
|  62|0x0000000085c00000, 0x0000000085c00000, 0x0000000085d00000|  0%| F|  |TAMS 0x0000000085c00000| PB 0x0000000085c00000| Untracked |  0
|  63|0x0000000085d00000, 0x0000000085d00000, 0x0000000085e00000|  0%| F|  |TAMS 0x0000000085d00000| PB 0x0000000085d00000| Untracked |  0
|  64|0x0000000085e00000, 0x0000000085e00000, 0x0000000085f00000|  0%| F|  |TAMS 0x0000000085e00000| PB 0x0000000085e00000| Untracked |  0
|  65|0x0000000085f00000, 0x0000000085f00000, 0x0000000086000000|  0%| F|  |TAMS 0x0000000085f00000| PB 0x0000000085f00000| Untracked |  0
|  66|0x0000000086000000, 0x0000000086000000, 0x0000000086100000|  0%| F|  |TAMS 0x0000000086000000| PB 0x0000000086000000| Untracked |  0
|  67|0x0000000086100000, 0x0000000086100000, 0x0000000086200000|  0%| F|  |TAMS 0x0000000086100000| PB 0x0000000086100000| Untracked |  0
|  68|0x0000000086200000, 0x0000000086200000, 0x0000000086300000|  0%| F|  |TAMS 0x0000000086200000| PB 0x0000000086200000| Untracked |  0
|  69|0x0000000086300000, 0x0000000086300000, 0x0000000086400000|  0%| F|  |TAMS 0x0000000086300000| PB 0x0000000086300000| Untracked |  0
|  70|0x0000000086400000, 0x0000000086400000, 0x0000000086500000|  0%| F|  |TAMS 0x0000000086400000| PB 0x0000000086400000| Untracked |  0
|  71|0x0000000086500000, 0x0000000086500000, 0x0000000086600000|  0%| F|  |TAMS 0x0000000086500000| PB 0x0000000086500000| Untracked |  0
|  72|0x0000000086600000, 0x0000000086600000, 0x0000000086700000|  0%| F|  |TAMS 0x0000000086600000| PB 0x0000000086600000| Untracked |  0
|  73|0x0000000086700000, 0x0000000086700000, 0x0000000086800000|  0%| F|  |TAMS 0x0000000086700000| PB 0x0000000086700000| Untracked |  0
|  74|0x0000000086800000, 0x0000000086800000, 0x0000000086900000|  0%| F|  |TAMS 0x0000000086800000| PB 0x0000000086800000| Untracked |  0
|  75|0x0000000086900000, 0x0000000086900000, 0x0000000086a00000|  0%| F|  |TAMS 0x0000000086900000| PB 0x0000000086900000| Untracked |  0
|  76|0x0000000086a00000, 0x0000000086a00000, 0x0000000086b00000|  0%| F|  |TAMS 0x0000000086a00000| PB 0x0000000086a00000| Untracked |  0
|  77|0x0000000086b00000, 0x0000000086b00000, 0x0000000086c00000|  0%| F|  |TAMS 0x0000000086b00000| PB 0x0000000086b00000| Untracked |  0
|  78|0x0000000086c00000, 0x0000000086c00000, 0x0000000086d00000|  0%| F|  |TAMS 0x0000000086c00000| PB 0x0000000086c00000| Untracked |  0
|  79|0x0000000086d00000, 0x0000000086d00000, 0x0000000086e00000|  0%| F|  |TAMS 0x0000000086d00000| PB 0x0000000086d00000| Untracked |  0
|  80|0x0000000086e00000, 0x0000000086e00000, 0x0000000086f00000|  0%| F|  |TAMS 0x0000000086e00000| PB 0x0000000086e00000| Untracked |  0
|  81|0x0000000086f00000, 0x0000000086f00000, 0x0000000087000000|  0%| F|  |TAMS 0x0000000086f00000| PB 0x0000000086f00000| Untracked |  0
|  82|0x0000000087000000, 0x0000000087000000, 0x0000000087100000|  0%| F|  |TAMS 0x0000000087000000| PB 0x0000000087000000| Untracked |  0
|  83|0x0000000087100000, 0x0000000087100000, 0x0000000087200000|  0%| F|  |TAMS 0x0000000087100000| PB 0x0000000087100000| Untracked |  0
|  84|0x0000000087200000, 0x0000000087200000, 0x0000000087300000|  0%| F|  |TAMS 0x0000000087200000| PB 0x0000000087200000| Untracked |  0
|  85|0x0000000087300000, 0x0000000087300000, 0x0000000087400000|  0%| F|  |TAMS 0x0000000087300000| PB 0x0000000087300000| Untracked |  0
|  86|0x0000000087400000, 0x0000000087400000, 0x0000000087500000|  0%| F|  |TAMS 0x0000000087400000| PB 0x0000000087400000| Untracked |  0
|  87|0x0000000087500000, 0x0000000087500000, 0x0000000087600000|  0%| F|  |TAMS 0x0000000087500000| PB 0x0000000087500000| Untracked |  0
|  88|0x0000000087600000, 0x0000000087600000, 0x0000000087700000|  0%| F|  |TAMS 0x0000000087600000| PB 0x0000000087600000| Untracked |  0
|  89|0x0000000087700000, 0x0000000087700000, 0x0000000087800000|  0%| F|  |TAMS 0x0000000087700000| PB 0x0000000087700000| Untracked |  0
|  90|0x0000000087800000, 0x0000000087800000, 0x0000000087900000|  0%| F|  |TAMS 0x0000000087800000| PB 0x0000000087800000| Untracked |  0
|  91|0x0000000087900000, 0x0000000087900000, 0x0000000087a00000|  0%| F|  |TAMS 0x0000000087900000| PB 0x0000000087900000| Untracked |  0
|  92|0x0000000087a00000, 0x0000000087a00000, 0x0000000087b00000|  0%| F|  |TAMS 0x0000000087a00000| PB 0x0000000087a00000| Untracked |  0
|  93|0x0000000087b00000, 0x0000000087b00000, 0x0000000087c00000|  0%| F|  |TAMS 0x0000000087b00000| PB 0x0000000087b00000| Untracked |  0
|  94|0x0000000087c00000, 0x0000000087c00000, 0x0000000087d00000|  0%| F|  |TAMS 0x0000000087c00000| PB 0x0000000087c00000| Untracked |  0
|  95|0x0000000087d00000, 0x0000000087d00000, 0x0000000087e00000|  0%| F|  |TAMS 0x0000000087d00000| PB 0x0000000087d00000| Untracked |  0
|  96|0x0000000087e00000, 0x0000000087e00000, 0x0000000087f00000|  0%| F|  |TAMS 0x0000000087e00000| PB 0x0000000087e00000| Untracked |  0
|  97|0x0000000087f00000, 0x0000000087f00000, 0x0000000088000000|  0%| F|  |TAMS 0x0000000087f00000| PB 0x0000000087f00000| Untracked |  0
|  98|0x0000000088000000, 0x0000000088000000, 0x0000000088100000|  0%| F|  |TAMS 0x0000000088000000| PB 0x0000000088000000| Untracked |  0
|  99|0x0000000088100000, 0x0000000088100000, 0x0000000088200000|  0%| F|  |TAMS 0x0000000088100000| PB 0x0000000088100000| Untracked |  0
| 100|0x0000000088200000, 0x0000000088200000, 0x0000000088300000|  0%| F|  |TAMS 0x0000000088200000| PB 0x0000000088200000| Untracked |  0
| 101|0x0000000088300000, 0x0000000088300000, 0x0000000088400000|  0%| F|  |TAMS 0x0000000088300000| PB 0x0000000088300000| Untracked |  0
| 102|0x0000000088400000, 0x0000000088400000, 0x0000000088500000|  0%| F|  |TAMS 0x0000000088400000| PB 0x0000000088400000| Untracked |  0
| 103|0x0000000088500000, 0x0000000088500000, 0x0000000088600000|  0%| F|  |TAMS 0x0000000088500000| PB 0x0000000088500000| Untracked |  0
| 104|0x0000000088600000, 0x0000000088700000, 0x0000000088700000|100%| S|CS|TAMS 0x0000000088600000| PB 0x0000000088600000| Complete |  0
| 105|0x0000000088700000, 0x0000000088800000, 0x0000000088800000|100%| S|CS|TAMS 0x0000000088700000| PB 0x0000000088700000| Complete |  0
| 106|0x0000000088800000, 0x0000000088900000, 0x0000000088900000|100%| S|CS|TAMS 0x0000000088800000| PB 0x0000000088800000| Complete |  0
| 107|0x0000000088900000, 0x0000000088900000, 0x0000000088a00000|  0%| F|  |TAMS 0x0000000088900000| PB 0x0000000088900000| Untracked |  0
| 108|0x0000000088a00000, 0x0000000088a00000, 0x0000000088b00000|  0%| F|  |TAMS 0x0000000088a00000| PB 0x0000000088a00000| Untracked |  0
| 109|0x0000000088b00000, 0x0000000088bbe520, 0x0000000088c00000| 74%| E|  |TAMS 0x0000000088b00000| PB 0x0000000088b00000| Complete |  0
| 110|0x0000000088c00000, 0x0000000088d00000, 0x0000000088d00000|100%| E|CS|TAMS 0x0000000088c00000| PB 0x0000000088c00000| Complete |  0
| 111|0x0000000088d00000, 0x0000000088e00000, 0x0000000088e00000|100%| E|CS|TAMS 0x0000000088d00000| PB 0x0000000088d00000| Complete |  0
| 112|0x0000000088e00000, 0x0000000088f00000, 0x0000000088f00000|100%| E|CS|TAMS 0x0000000088e00000| PB 0x0000000088e00000| Complete |  0
| 113|0x0000000088f00000, 0x0000000089000000, 0x0000000089000000|100%| E|CS|TAMS 0x0000000088f00000| PB 0x0000000088f00000| Complete |  0
| 114|0x0000000089000000, 0x0000000089100000, 0x0000000089100000|100%| E|CS|TAMS 0x0000000089000000| PB 0x0000000089000000| Complete |  0
| 115|0x0000000089100000, 0x0000000089200000, 0x0000000089200000|100%| E|CS|TAMS 0x0000000089100000| PB 0x0000000089100000| Complete |  0
| 116|0x0000000089200000, 0x0000000089300000, 0x0000000089300000|100%| E|CS|TAMS 0x0000000089200000| PB 0x0000000089200000| Complete |  0
| 117|0x0000000089300000, 0x0000000089400000, 0x0000000089400000|100%| E|CS|TAMS 0x0000000089300000| PB 0x0000000089300000| Complete |  0
| 118|0x0000000089400000, 0x0000000089500000, 0x0000000089500000|100%| E|CS|TAMS 0x0000000089400000| PB 0x0000000089400000| Complete |  0
| 119|0x0000000089500000, 0x0000000089600000, 0x0000000089600000|100%| E|CS|TAMS 0x0000000089500000| PB 0x0000000089500000| Complete |  0
| 120|0x0000000089600000, 0x0000000089700000, 0x0000000089700000|100%| E|CS|TAMS 0x0000000089600000| PB 0x0000000089600000| Complete |  0
| 121|0x0000000089700000, 0x0000000089800000, 0x0000000089800000|100%| E|CS|TAMS 0x0000000089700000| PB 0x0000000089700000| Complete |  0
| 122|0x0000000089800000, 0x0000000089900000, 0x0000000089900000|100%| E|CS|TAMS 0x0000000089800000| PB 0x0000000089800000| Complete |  0
| 123|0x0000000089900000, 0x0000000089a00000, 0x0000000089a00000|100%| E|CS|TAMS 0x0000000089900000| PB 0x0000000089900000| Complete |  0
| 124|0x0000000089a00000, 0x0000000089b00000, 0x0000000089b00000|100%| E|  |TAMS 0x0000000089a00000| PB 0x0000000089a00000| Complete |  0
| 125|0x0000000089b00000, 0x0000000089c00000, 0x0000000089c00000|100%| E|CS|TAMS 0x0000000089b00000| PB 0x0000000089b00000| Complete |  0
| 126|0x0000000089c00000, 0x0000000089d00000, 0x0000000089d00000|100%| E|CS|TAMS 0x0000000089c00000| PB 0x0000000089c00000| Complete |  0
| 127|0x0000000089d00000, 0x0000000089e00000, 0x0000000089e00000|100%| E|CS|TAMS 0x0000000089d00000| PB 0x0000000089d00000| Complete |  0

Card table byte_map: [0x000002af7b8e0000,0x000002af7bce0000] _byte_map_base: 0x000002af7b4d1000

Marking Bits: (CMBitMap*) 0x000002af713a2930
 Bits: [0x000002af7bce0000, 0x000002af7dc68000)

Polling page: 0x000002af71140000

Metaspace:

Usage:
  Non-class:     14.21 MB used.
      Class:      2.67 MB used.
       Both:     16.88 MB used.

Virtual space:
  Non-class space:       64.00 MB reserved,      14.44 MB ( 23%) committed,  1 nodes.
      Class space:        1.00 GB reserved,       2.81 MB ( <1%) committed,  1 nodes.
             Both:        1.06 GB reserved,      17.25 MB (  2%) committed. 

Chunk freelists:
   Non-Class:  1.17 MB
       Class:  13.19 MB
        Both:  14.36 MB

MaxMetaspaceSize: unlimited
CompressedClassSpaceSize: 1.00 GB
Initial GC threshold: 21.00 MB
Current GC threshold: 21.00 MB
CDS: on
 - commit_granule_bytes: 65536.
 - commit_granule_words: 8192.
 - virtual_space_node_default_size: 8388608.
 - enlarge_chunks_in_place: 1.
 - use_allocation_guard: 0.


Internal statistics:

num_allocs_failed_limit: 0.
num_arena_births: 346.
num_arena_deaths: 0.
num_vsnodes_births: 2.
num_vsnodes_deaths: 0.
num_space_committed: 276.
num_space_uncommitted: 0.
num_chunks_returned_to_freelist: 0.
num_chunks_taken_from_freelist: 908.
num_chunk_merges: 0.
num_chunk_splits: 617.
num_chunks_enlarged: 458.
num_inconsistent_stats: 0.

CodeHeap 'non-profiled nmethods': size=120000Kb used=1079Kb max_used=1079Kb free=118920Kb
 bounds [0x000002af07ad0000, 0x000002af07d40000, 0x000002af0f000000]
CodeHeap 'profiled nmethods': size=120000Kb used=5105Kb max_used=5105Kb free=114895Kb
 bounds [0x000002af00000000, 0x000002af00500000, 0x000002af07530000]
CodeHeap 'non-nmethods': size=5760Kb used=1822Kb max_used=1857Kb free=3937Kb
 bounds [0x000002af07530000, 0x000002af077a0000, 0x000002af07ad0000]
 total_blobs=3609 nmethods=2780 adapters=733
 compilation: enabled
              stopped_count=0, restarted_count=0
 full_count=0

Compilation events (20 events):
Event: 11.532 Thread 0x000002af0f2af130 2770       3       sun.nio.cs.StreamEncoder::writeBytes (93 bytes)
Event: 11.533 Thread 0x000002af0f2af130 nmethod 2770 0x000002af004fa010 code [0x000002af004fa260, 0x000002af004fab20]
Event: 11.533 Thread 0x000002af0f2af130 2771       3       java.lang.StackTraceElement::equals (120 bytes)
Event: 11.534 Thread 0x000002af0f2af130 nmethod 2771 0x000002af004fae10 code [0x000002af004fb080, 0x000002af004fbc00]
Event: 11.551 Thread 0x000002af0f2af130 2773       3       java.io.BufferedOutputStream::growIfNeeded (59 bytes)
Event: 11.552 Thread 0x000002af0f2af130 nmethod 2773 0x000002af004fbe90 code [0x000002af004fc040, 0x000002af004fc320]
Event: 11.585 Thread 0x000002af0f2ab240 2774 %     4       java.lang.StringCoding::implEncodeAsciiArray @ 3 (47 bytes)
Event: 11.598 Thread 0x000002af0f2ab240 nmethod 2774% 0x000002af07bdbb10 code [0x000002af07bdbca0, 0x000002af07bdc108]
Event: 11.598 Thread 0x000002af0f2ab240 2775       4       java.util.concurrent.locks.ReentrantLock$NonfairSync::initialTryLock (58 bytes)
Event: 11.601 Thread 0x000002af0f2ab240 nmethod 2775 0x000002af07bdc290 code [0x000002af07bdc420, 0x000002af07bdc600]
Event: 11.608 Thread 0x000002af0f2ab240 2776       4       java.util.concurrent.locks.ReentrantLock$Sync::tryRelease (51 bytes)
Event: 11.610 Thread 0x000002af0f2ab240 nmethod 2776 0x000002af07bdcb10 code [0x000002af07bdcc80, 0x000002af07bdcdb8]
Event: 11.610 Thread 0x000002af0f2ab240 2778       4       java.io.OutputStream::flush (1 bytes)
Event: 11.611 Thread 0x000002af0f2ab240 nmethod 2778 0x000002af07bdce90 code [0x000002af07bdd000, 0x000002af07bdd088]
Event: 11.621 Thread 0x000002af0f2af130 2779       1       java.lang.Throwable::getMessage (5 bytes)
Event: 11.621 Thread 0x000002af0f2af130 nmethod 2779 0x000002af07bdd190 code [0x000002af07bdd320, 0x000002af07bdd3e8]
Event: 11.653 Thread 0x000002af0f2ab240 2780       4       java.lang.StringCoding::implEncodeAsciiArray (47 bytes)
Event: 11.653 Thread 0x000002af0f2af130 2781       1       com.sun.javafx.tk.quantum.WindowStage::setInAllowedEventHandler (6 bytes)
Event: 11.654 Thread 0x000002af0f2af130 nmethod 2781 0x000002af07bdd490 code [0x000002af07bdd620, 0x000002af07bdd6f0]
Event: 11.665 Thread 0x000002af0f2ab240 nmethod 2780 0x000002af07bdd790 code [0x000002af07bdd920, 0x000002af07bddba0]

GC Heap History (4 events):
Event: 3.023 GC heap before
{Heap before GC invocations=0 (full 0):
 garbage-first heap   total reserved 2066432K, committed 131072K, used 19456K [0x0000000081e00000, 0x0000000100000000)
  region size 1024K, 14 young (14336K), 0 survivors (0K)
 Metaspace       used 4441K, committed 4608K, reserved 1114112K
  class space    used 479K, committed 576K, reserved 1048576K
}
Event: 3.033 GC heap after
{Heap after GC invocations=1 (full 0):
 garbage-first heap   total reserved 2066432K, committed 131072K, used 6784K [0x0000000081e00000, 0x0000000100000000)
  region size 1024K, 2 young (2048K), 2 survivors (2048K)
 Metaspace       used 4441K, committed 4608K, reserved 1114112K
  class space    used 479K, committed 576K, reserved 1048576K
}
Event: 4.676 GC heap before
{Heap before GC invocations=1 (full 0):
 garbage-first heap   total reserved 2066432K, committed 131072K, used 31360K [0x0000000081e00000, 0x0000000100000000)
  region size 1024K, 21 young (21504K), 2 survivors (2048K)
 Metaspace       used 12316K, committed 12672K, reserved 1114112K
  class space    used 1762K, committed 1920K, reserved 1048576K
}
Event: 4.688 GC heap after
{Heap after GC invocations=2 (full 0):
 garbage-first heap   total reserved 2066432K, committed 131072K, used 15941K [0x0000000081e00000, 0x0000000100000000)
  region size 1024K, 3 young (3072K), 3 survivors (3072K)
 Metaspace       used 12316K, committed 12672K, reserved 1114112K
  class space    used 1762K, committed 1920K, reserved 1048576K
}

Dll operation events (20 events):
Event: 2.533 Loaded shared library C:\Users\noah\.openjfx\cache\21+31\amd64\api-ms-win-crt-heap-l1-1-0.dll
Event: 2.544 Loaded shared library C:\Users\noah\.openjfx\cache\21+31\amd64\api-ms-win-crt-locale-l1-1-0.dll
Event: 2.554 Loaded shared library C:\Users\noah\.openjfx\cache\21+31\amd64\api-ms-win-crt-math-l1-1-0.dll
Event: 2.561 Loaded shared library C:\Users\noah\.openjfx\cache\21+31\amd64\api-ms-win-crt-multibyte-l1-1-0.dll
Event: 2.569 Loaded shared library C:\Users\noah\.openjfx\cache\21+31\amd64\api-ms-win-crt-private-l1-1-0.dll
Event: 2.576 Loaded shared library C:\Users\noah\.openjfx\cache\21+31\amd64\api-ms-win-crt-process-l1-1-0.dll
Event: 2.583 Loaded shared library C:\Users\noah\.openjfx\cache\21+31\amd64\api-ms-win-crt-runtime-l1-1-0.dll
Event: 2.589 Loaded shared library C:\Users\noah\.openjfx\cache\21+31\amd64\api-ms-win-crt-stdio-l1-1-0.dll
Event: 2.594 Loaded shared library C:\Users\noah\.openjfx\cache\21+31\amd64\api-ms-win-crt-string-l1-1-0.dll
Event: 2.600 Loaded shared library C:\Users\noah\.openjfx\cache\21+31\amd64\api-ms-win-crt-time-l1-1-0.dll
Event: 2.606 Loaded shared library C:\Users\noah\.openjfx\cache\21+31\amd64\api-ms-win-crt-utility-l1-1-0.dll
Event: 2.648 Loaded shared library C:\Users\noah\.openjfx\cache\21+31\amd64\ucrtbase.dll
Event: 2.660 Loaded shared library C:\Users\noah\.openjfx\cache\21+31\amd64\vcruntime140.dll
Event: 2.668 Loaded shared library C:\Users\noah\.openjfx\cache\21+31\amd64\vcruntime140_1.dll
Event: 2.692 Loaded shared library C:\Users\noah\.openjfx\cache\21+31\amd64\msvcp140.dll
Event: 2.699 Loaded shared library C:\Users\noah\.openjfx\cache\21+31\amd64\msvcp140_1.dll
Event: 2.712 Loaded shared library C:\Users\noah\.openjfx\cache\21+31\amd64\msvcp140_2.dll
Event: 2.789 Loaded shared library C:\Users\noah\.openjfx\cache\21+31\amd64\prism_d3d.dll
Event: 2.847 Loaded shared library C:\Users\noah\.openjfx\cache\21+31\amd64\glass.dll
Event: 3.479 Loaded shared library C:\Users\noah\.openjfx\cache\21+31\amd64\javafx_font.dll

Deoptimization events (20 events):
Event: 4.757 Thread 0x000002af5549a100 DEOPT PACKING pc=0x000002af07b69fa0 sp=0x000000e31dcfd530
Event: 4.757 Thread 0x000002af5549a100 DEOPT UNPACKING pc=0x000002af075846a2 sp=0x000000e31dcfd4d0 mode 2
Event: 5.452 Thread 0x000002af5549a100 Uncommon trap: trap_request=0xffffff45 fr.pc=0x000002af07b3d718 relative=0x00000000000001f8
Event: 5.452 Thread 0x000002af5549a100 Uncommon trap: reason=unstable_if action=reinterpret pc=0x000002af07b3d718 method=java.io.ByteArrayInputStream.read()I @ 8 c2
Event: 5.452 Thread 0x000002af5549a100 DEOPT PACKING pc=0x000002af07b3d718 sp=0x000000e31dcfbd30
Event: 5.452 Thread 0x000002af5549a100 DEOPT UNPACKING pc=0x000002af075846a2 sp=0x000000e31dcfbcd8 mode 2
Event: 5.734 Thread 0x000002af5549a100 Uncommon trap: trap_request=0xffffff45 fr.pc=0x000002af07b2643c relative=0x0000000000000e3c
Event: 5.734 Thread 0x000002af5549a100 Uncommon trap: reason=unstable_if action=reinterpret pc=0x000002af07b2643c method=java.util.concurrent.ConcurrentHashMap.putVal(Ljava/lang/Object;Ljava/lang/Object;Z)Ljava/lang/Object; @ 148 c2
Event: 5.734 Thread 0x000002af5549a100 DEOPT PACKING pc=0x000002af07b2643c sp=0x000000e31dcfcd80
Event: 5.734 Thread 0x000002af5549a100 DEOPT UNPACKING pc=0x000002af075846a2 sp=0x000000e31dcfcd00 mode 2
Event: 5.812 Thread 0x000002af5549a100 Uncommon trap: trap_request=0xffffff6e fr.pc=0x000002af07b32c70 relative=0x0000000000000430
Event: 5.812 Thread 0x000002af5549a100 Uncommon trap: reason=loop_limit_check action=maybe_recompile pc=0x000002af07b32c70 method=java.lang.StringLatin1.indexOf([BI[BII)I @ 37 c2
Event: 5.812 Thread 0x000002af5549a100 DEOPT PACKING pc=0x000002af07b32c70 sp=0x000000e31dcfdea0
Event: 5.812 Thread 0x000002af5549a100 DEOPT UNPACKING pc=0x000002af075846a2 sp=0x000000e31dcfde00 mode 2
Event: 7.961 Thread 0x000002af5549a100 Uncommon trap: trap_request=0xffffff45 fr.pc=0x000002af07af3df4 relative=0x00000000000000d4
Event: 7.961 Thread 0x000002af5549a100 Uncommon trap: reason=unstable_if action=reinterpret pc=0x000002af07af3df4 method=java.util.concurrent.locks.ReentrantLock$Sync.tryRelease(I)Z @ 26 c2
Event: 7.961 Thread 0x000002af5549a100 DEOPT PACKING pc=0x000002af07af3df4 sp=0x000000e31dcfe4d0
Event: 7.961 Thread 0x000002af5549a100 DEOPT UNPACKING pc=0x000002af075846a2 sp=0x000000e31dcfe470 mode 2
Event: 11.653 Thread 0x000002af5549a100 DEOPT PACKING pc=0x000002af004a8f7e sp=0x000000e31dcfd690
Event: 11.653 Thread 0x000002af5549a100 DEOPT UNPACKING pc=0x000002af07584e42 sp=0x000000e31dcfcb00 mode 0

Classes loaded (20 events):
Event: 6.040 Loading class java/nio/DirectFloatBufferU
Event: 6.040 Loading class java/nio/DirectFloatBufferU done
Event: 6.078 Loading class jdk/internal/ref/CleanerImpl$InnocuousThreadFactory
Event: 6.078 Loading class jdk/internal/ref/CleanerImpl$InnocuousThreadFactory done
Event: 6.093 Loading class sun/misc/Unsafe
Event: 6.093 Loading class sun/misc/Unsafe done
Event: 6.094 Loading class java/lang/invoke/DirectMethodHandle$StaticAccessor
Event: 6.094 Loading class java/lang/invoke/DirectMethodHandle$StaticAccessor done
Event: 6.156 Loading class java/lang/FdLibm$Atan2
Event: 6.156 Loading class java/lang/FdLibm$Atan2 done
Event: 7.961 Loading class java/util/zip/ZipException
Event: 7.961 Loading class java/util/zip/ZipException done
Event: 7.961 Loading class java/util/zip/DataFormatException
Event: 7.961 Loading class java/util/zip/DataFormatException done
Event: 7.961 Loading class java/io/InterruptedIOException
Event: 7.961 Loading class java/io/InterruptedIOException done
Event: 7.962 Loading class java/lang/Throwable$WrappedPrintStream
Event: 7.962 Loading class java/lang/Throwable$PrintStreamOrWriter
Event: 7.962 Loading class java/lang/Throwable$PrintStreamOrWriter done
Event: 7.962 Loading class java/lang/Throwable$WrappedPrintStream done

Classes unloaded (0 events):
No events

Classes redefined (0 events):
No events

Internal exceptions (20 events):
Event: 11.562 Thread 0x000002af5549a100 Exception <a 'java/lang/NoClassDefFoundError'{0x0000000088b711e8}: com/sun/glass/ui/TouchInputSupport$TouchCoord> (0x0000000088b711e8) 
thrown [s\open\src\hotspot\share\oops\constantPool.cpp, line 872]
Event: 11.563 Thread 0x000002af5549a100 Exception <a 'java/lang/NoClassDefFoundError'{0x0000000088b73018}: com/sun/glass/ui/GestureSupport$1> (0x0000000088b73018) 
thrown [s\open\src\hotspot\share\oops\constantPool.cpp, line 872]
Event: 11.574 Thread 0x000002af5549a100 Exception <a 'java/lang/NoClassDefFoundError'{0x0000000088b75288}: com/sun/glass/ui/TouchInputSupport$TouchCoord> (0x0000000088b75288) 
thrown [s\open\src\hotspot\share\oops\constantPool.cpp, line 872]
Event: 11.574 Thread 0x000002af5549a100 Exception <a 'java/lang/NoClassDefFoundError'{0x0000000088b770b8}: com/sun/glass/ui/GestureSupport$1> (0x0000000088b770b8) 
thrown [s\open\src\hotspot\share\oops\constantPool.cpp, line 872]
Event: 11.585 Thread 0x000002af5549a100 Exception <a 'java/lang/NoClassDefFoundError'{0x0000000088b79328}: com/sun/glass/ui/TouchInputSupport$TouchCoord> (0x0000000088b79328) 
thrown [s\open\src\hotspot\share\oops\constantPool.cpp, line 872]
Event: 11.585 Thread 0x000002af5549a100 Exception <a 'java/lang/NoClassDefFoundError'{0x0000000088b7b158}: com/sun/glass/ui/GestureSupport$1> (0x0000000088b7b158) 
thrown [s\open\src\hotspot\share\oops\constantPool.cpp, line 872]
Event: 11.596 Thread 0x000002af5549a100 Exception <a 'java/lang/NoClassDefFoundError'{0x0000000088b7cf90}: com/sun/glass/ui/TouchInputSupport$TouchCoord> (0x0000000088b7cf90) 
thrown [s\open\src\hotspot\share\oops\constantPool.cpp, line 872]
Event: 11.596 Thread 0x000002af5549a100 Exception <a 'java/lang/NoClassDefFoundError'{0x0000000088b7f010}: com/sun/glass/ui/GestureSupport$1> (0x0000000088b7f010) 
thrown [s\open\src\hotspot\share\oops\constantPool.cpp, line 872]
Event: 11.607 Thread 0x000002af5549a100 Exception <a 'java/lang/NoClassDefFoundError'{0x0000000088b81280}: com/sun/glass/ui/TouchInputSupport$TouchCoord> (0x0000000088b81280) 
thrown [s\open\src\hotspot\share\oops\constantPool.cpp, line 872]
Event: 11.608 Thread 0x000002af5549a100 Exception <a 'java/lang/NoClassDefFoundError'{0x0000000088b830b0}: com/sun/glass/ui/GestureSupport$1> (0x0000000088b830b0) 
thrown [s\open\src\hotspot\share\oops\constantPool.cpp, line 872]
Event: 11.620 Thread 0x000002af5549a100 Exception <a 'java/lang/NoClassDefFoundError'{0x0000000088b85320}: com/sun/glass/ui/TouchInputSupport$TouchCoord> (0x0000000088b85320) 
thrown [s\open\src\hotspot\share\oops\constantPool.cpp, line 872]
Event: 11.621 Thread 0x000002af5549a100 Exception <a 'java/lang/NoClassDefFoundError'{0x0000000088b87150}: com/sun/glass/ui/GestureSupport$1> (0x0000000088b87150) 
thrown [s\open\src\hotspot\share\oops\constantPool.cpp, line 872]
Event: 11.632 Thread 0x000002af5549a100 Exception <a 'java/lang/NoClassDefFoundError'{0x0000000088b893c0}: com/sun/glass/ui/TouchInputSupport$TouchCoord> (0x0000000088b893c0) 
thrown [s\open\src\hotspot\share\oops\constantPool.cpp, line 872]
Event: 11.632 Thread 0x000002af5549a100 Exception <a 'java/lang/NoClassDefFoundError'{0x0000000088b8b1f0}: com/sun/glass/ui/GestureSupport$1> (0x0000000088b8b1f0) 
thrown [s\open\src\hotspot\share\oops\constantPool.cpp, line 872]
Event: 11.642 Thread 0x000002af5549a100 Exception <a 'java/lang/NoClassDefFoundError'{0x0000000088b8d028}: com/sun/glass/ui/TouchInputSupport$TouchCoord> (0x0000000088b8d028) 
thrown [s\open\src\hotspot\share\oops\constantPool.cpp, line 872]
Event: 11.643 Thread 0x000002af5549a100 Exception <a 'java/lang/NoClassDefFoundError'{0x0000000088b8ee58}: com/sun/glass/ui/GestureSupport$1> (0x0000000088b8ee58) 
thrown [s\open\src\hotspot\share\oops\constantPool.cpp, line 872]
Event: 11.653 Thread 0x000002af5549a100 Exception <a 'java/lang/NoClassDefFoundError'{0x0000000088b910c8}: com/sun/glass/ui/TouchInputSupport$TouchCoord> (0x0000000088b910c8) 
thrown [s\open\src\hotspot\share\oops\constantPool.cpp, line 872]
Event: 11.653 Thread 0x000002af5549a100 Exception <a 'java/lang/NoClassDefFoundError'{0x0000000088b92ef8}: com/sun/glass/ui/GestureSupport$1> (0x0000000088b92ef8) 
thrown [s\open\src\hotspot\share\oops\constantPool.cpp, line 872]
Event: 11.664 Thread 0x000002af5549a100 Exception <a 'java/lang/NoClassDefFoundError'{0x0000000088b951b8}: javafx/scene/input/TouchPoint$State> (0x0000000088b951b8) 
thrown [s\open\src\hotspot\share\oops\constantPool.cpp, line 872]
Event: 11.668 Thread 0x000002af5549a100 Exception <a 'java/lang/NoClassDefFoundError'{0x0000000088b98178}: javafx/scene/input/MouseEvent$Flags> (0x0000000088b98178) 
thrown [s\open\src\hotspot\share\oops\constantPool.cpp, line 872]

ZGC Phase Switch (0 events):
No events

VM Operations (20 events):
Event: 4.644 Executing VM operation: HandshakeAllThreads (Deoptimize)
Event: 4.644 Executing VM operation: HandshakeAllThreads (Deoptimize) done
Event: 4.676 Executing VM operation: G1CollectForAllocation (G1 Evacuation Pause)
Event: 4.688 Executing VM operation: G1CollectForAllocation (G1 Evacuation Pause) done
Event: 5.006 Executing VM operation: HandshakeAllThreads (Deoptimize)
Event: 5.006 Executing VM operation: HandshakeAllThreads (Deoptimize) done
Event: 5.504 Executing VM operation: ICBufferFull
Event: 5.504 Executing VM operation: ICBufferFull done
Event: 5.854 Executing VM operation: HandshakeAllThreads (Deoptimize)
Event: 5.855 Executing VM operation: HandshakeAllThreads (Deoptimize) done
Event: 6.854 Executing VM operation: Cleanup
Event: 6.854 Executing VM operation: Cleanup done
Event: 7.854 Executing VM operation: Cleanup
Event: 7.855 Executing VM operation: Cleanup done
Event: 8.855 Executing VM operation: Cleanup
Event: 8.855 Executing VM operation: Cleanup done
Event: 9.855 Executing VM operation: Cleanup
Event: 9.855 Executing VM operation: Cleanup done
Event: 10.855 Executing VM operation: Cleanup
Event: 10.855 Executing VM operation: Cleanup done

Events (20 events):
Event: 0.089 Thread 0x000002af0f2a3860 Thread added: 0x000002af0f2a3860
Event: 0.090 Thread 0x000002af0f2a6580 Thread added: 0x000002af0f2a6580
Event: 0.090 Thread 0x000002af0f2a6fe0 Thread added: 0x000002af0f2a6fe0
Event: 0.090 Thread 0x000002af0f2a7a40 Thread added: 0x000002af0f2a7a40
Event: 0.090 Thread 0x000002af0f2a84a0 Thread added: 0x000002af0f2a84a0
Event: 0.090 Thread 0x000002af0f2ab240 Thread added: 0x000002af0f2ab240
Event: 0.091 Thread 0x000002af0f2af130 Thread added: 0x000002af0f2af130
Event: 0.150 Thread 0x000002af0f5538b0 Thread added: 0x000002af0f5538b0
Event: 0.157 Thread 0x000002af0f554730 Thread added: 0x000002af0f554730
Event: 0.227 Thread 0x000002af0f572660 Thread added: 0x000002af0f572660
Event: 0.403 Thread 0x000002af0f572660 Thread exited: 0x000002af0f572660
Event: 0.512 Thread 0x000002af0f61b650 Thread added: 0x000002af0f61b650
Event: 2.773 Thread 0x000002af5523dad0 Thread added: 0x000002af5523dad0
Event: 2.851 Thread 0x000002af55483060 Thread added: 0x000002af55483060
Event: 2.858 Thread 0x000002af5549a100 Thread added: 0x000002af5549a100
Event: 3.023 Thread 0x000002af556162e0 Thread added: 0x000002af556162e0
Event: 3.528 Thread 0x000002af557b7270 Thread added: 0x000002af557b7270
Event: 4.706 Thread 0x000002af5a956410 Thread added: 0x000002af5a956410
Event: 6.079 Thread 0x000002af5ab45f20 Thread added: 0x000002af5ab45f20
Event: 6.383 Thread 0x000002af557b7270 Thread exited: 0x000002af557b7270


Dynamic libraries:
0x00007ff7d0c20000 - 0x00007ff7d0c30000 	C:\Program Files\Java\jdk-22\bin\java.exe
0x00007ffc9c010000 - 0x00007ffc9c208000 	C:\WINDOWS\SYSTEM32\ntdll.dll
0x00007ffc9af60000 - 0x00007ffc9b021000 	C:\WINDOWS\System32\KERNEL32.DLL
0x00007ffc996c0000 - 0x00007ffc999b6000 	C:\WINDOWS\System32\KERNELBASE.dll
0x00007ffc99e80000 - 0x00007ffc99f80000 	C:\WINDOWS\System32\ucrtbase.dll
0x00007ffc82410000 - 0x00007ffc8242b000 	C:\Program Files\Java\jdk-22\bin\VCRUNTIME140.dll
0x00007ffc829e0000 - 0x00007ffc829f7000 	C:\Program Files\Java\jdk-22\bin\jli.dll
0x00007ffc9ab50000 - 0x00007ffc9ac00000 	C:\WINDOWS\System32\ADVAPI32.dll
0x00007ffc9bd30000 - 0x00007ffc9bdce000 	C:\WINDOWS\System32\msvcrt.dll
0x00007ffc9b4b0000 - 0x00007ffc9b550000 	C:\WINDOWS\System32\sechost.dll
0x00007ffc9a960000 - 0x00007ffc9aa83000 	C:\WINDOWS\System32\RPCRT4.dll
0x00007ffc99f80000 - 0x00007ffc99fa7000 	C:\WINDOWS\System32\bcrypt.dll
0x00007ffc9be30000 - 0x00007ffc9bfcf000 	C:\WINDOWS\System32\USER32.dll
0x00007ffc99b90000 - 0x00007ffc99bb2000 	C:\WINDOWS\System32\win32u.dll
0x00007ffc9a8f0000 - 0x00007ffc9a91b000 	C:\WINDOWS\System32\GDI32.dll
0x00007ffc99cb0000 - 0x00007ffc99dc7000 	C:\WINDOWS\System32\gdi32full.dll
0x00007ffc99c10000 - 0x00007ffc99cad000 	C:\WINDOWS\System32\msvcp_win.dll
0x00007ffc81860000 - 0x00007ffc81afa000 	C:\WINDOWS\WinSxS\amd64_microsoft.windows.common-controls_6595b64144ccf1df_6.0.19041.4355_none_60b8b9eb71f62e16\COMCTL32.dll
0x00007ffc8e920000 - 0x00007ffc8e92a000 	C:\WINDOWS\SYSTEM32\VERSION.dll
0x00007ffc9a920000 - 0x00007ffc9a94f000 	C:\WINDOWS\System32\IMM32.DLL
0x00007ffc912f0000 - 0x00007ffc912fc000 	C:\Program Files\Java\jdk-22\bin\vcruntime140_1.dll
0x00007ffc72b50000 - 0x00007ffc72bde000 	C:\Program Files\Java\jdk-22\bin\msvcp140.dll
0x00007ffc38640000 - 0x00007ffc39387000 	C:\Program Files\Java\jdk-22\bin\server\jvm.dll
0x00007ffc9b150000 - 0x00007ffc9b1bb000 	C:\WINDOWS\System32\WS2_32.dll
0x00007ffc99510000 - 0x00007ffc9955b000 	C:\WINDOWS\SYSTEM32\POWRPROF.dll
0x00007ffc91060000 - 0x00007ffc91087000 	C:\WINDOWS\SYSTEM32\WINMM.dll
0x00007ffc994f0000 - 0x00007ffc99502000 	C:\WINDOWS\SYSTEM32\UMPDC.dll
0x00007ffc98170000 - 0x00007ffc98182000 	C:\WINDOWS\SYSTEM32\kernel.appcore.dll
0x00007ffc912a0000 - 0x00007ffc912aa000 	C:\Program Files\Java\jdk-22\bin\jimage.dll
0x00007ffc943f0000 - 0x00007ffc945d4000 	C:\WINDOWS\SYSTEM32\DBGHELP.DLL
0x00007ffc8f840000 - 0x00007ffc8f874000 	C:\WINDOWS\SYSTEM32\dbgcore.DLL
0x00007ffc99fb0000 - 0x00007ffc9a032000 	C:\WINDOWS\System32\bcryptPrimitives.dll
0x00007ffc7b070000 - 0x00007ffc7b08e000 	C:\Program Files\Java\jdk-22\bin\java.dll
0x00007ffc9a180000 - 0x00007ffc9a8ec000 	C:\WINDOWS\System32\SHELL32.dll
0x00007ffc9b710000 - 0x00007ffc9b83b000 	C:\WINDOWS\System32\ole32.dll
0x00007ffc9ac00000 - 0x00007ffc9af53000 	C:\WINDOWS\System32\combase.dll
0x00007ffc945e0000 - 0x00007ffc94d7e000 	C:\WINDOWS\SYSTEM32\windows.storage.dll
0x00007ffc99010000 - 0x00007ffc9903e000 	C:\WINDOWS\SYSTEM32\Wldp.dll
0x00007ffc9b560000 - 0x00007ffc9b62d000 	C:\WINDOWS\System32\OLEAUT32.dll
0x00007ffc9b400000 - 0x00007ffc9b4ad000 	C:\WINDOWS\System32\SHCORE.dll
0x00007ffc9bdd0000 - 0x00007ffc9be25000 	C:\WINDOWS\System32\shlwapi.dll
0x00007ffc995f0000 - 0x00007ffc99614000 	C:\WINDOWS\SYSTEM32\profapi.dll
0x00007ffc62580000 - 0x00007ffc62657000 	C:\Program Files\Java\jdk-22\bin\jsvml.dll
0x00007ffc8b320000 - 0x00007ffc8b330000 	C:\Program Files\Java\jdk-22\bin\net.dll
0x00007ffc98d70000 - 0x00007ffc98dda000 	C:\WINDOWS\system32\mswsock.dll
0x00007ffc7ab20000 - 0x00007ffc7ab36000 	C:\Program Files\Java\jdk-22\bin\nio.dll
0x00007ffc795e0000 - 0x00007ffc795f7000 	C:\Program Files\Java\jdk-22\bin\zip.dll
0x000002af0f820000 - 0x000002af0f823000 	C:\Users\noah\.openjfx\cache\21+31\amd64\api-ms-win-core-console-l1-1-0.dll
0x000002af0f830000 - 0x000002af0f833000 	C:\Users\noah\.openjfx\cache\21+31\amd64\api-ms-win-core-console-l1-2-0.dll
0x000002af0f840000 - 0x000002af0f843000 	C:\Users\noah\.openjfx\cache\21+31\amd64\api-ms-win-core-datetime-l1-1-0.dll
0x000002af0f850000 - 0x000002af0f853000 	C:\Users\noah\.openjfx\cache\21+31\amd64\api-ms-win-core-debug-l1-1-0.dll
0x000002af0f860000 - 0x000002af0f863000 	C:\Users\noah\.openjfx\cache\21+31\amd64\api-ms-win-core-errorhandling-l1-1-0.dll
0x000002af0f870000 - 0x000002af0f874000 	C:\Users\noah\.openjfx\cache\21+31\amd64\api-ms-win-core-file-l1-1-0.dll
0x000002af0f880000 - 0x000002af0f883000 	C:\Users\noah\.openjfx\cache\21+31\amd64\api-ms-win-core-file-l1-2-0.dll
0x000002af0f890000 - 0x000002af0f893000 	C:\Users\noah\.openjfx\cache\21+31\amd64\api-ms-win-core-file-l2-1-0.dll
0x000002af0f8a0000 - 0x000002af0f8a3000 	C:\Users\noah\.openjfx\cache\21+31\amd64\api-ms-win-core-handle-l1-1-0.dll
0x000002af0f8b0000 - 0x000002af0f8b3000 	C:\Users\noah\.openjfx\cache\21+31\amd64\api-ms-win-core-heap-l1-1-0.dll
0x000002af0f8c0000 - 0x000002af0f8c3000 	C:\Users\noah\.openjfx\cache\21+31\amd64\api-ms-win-core-interlocked-l1-1-0.dll
0x000002af0f8d0000 - 0x000002af0f8d3000 	C:\Users\noah\.openjfx\cache\21+31\amd64\api-ms-win-core-libraryloader-l1-1-0.dll
0x000002af0f8e0000 - 0x000002af0f8e3000 	C:\Users\noah\.openjfx\cache\21+31\amd64\api-ms-win-core-localization-l1-2-0.dll
0x000002af0f8f0000 - 0x000002af0f8f3000 	C:\Users\noah\.openjfx\cache\21+31\amd64\api-ms-win-core-memory-l1-1-0.dll
0x000002af0f900000 - 0x000002af0f903000 	C:\Users\noah\.openjfx\cache\21+31\amd64\api-ms-win-core-namedpipe-l1-1-0.dll
0x000002af0f910000 - 0x000002af0f913000 	C:\Users\noah\.openjfx\cache\21+31\amd64\api-ms-win-core-processenvironment-l1-1-0.dll
0x000002af0f920000 - 0x000002af0f923000 	C:\Users\noah\.openjfx\cache\21+31\amd64\api-ms-win-core-processthreads-l1-1-0.dll
0x000002af0f930000 - 0x000002af0f933000 	C:\Users\noah\.openjfx\cache\21+31\amd64\api-ms-win-core-processthreads-l1-1-1.dll
0x000002af0f940000 - 0x000002af0f943000 	C:\Users\noah\.openjfx\cache\21+31\amd64\api-ms-win-core-profile-l1-1-0.dll
0x000002af0f950000 - 0x000002af0f953000 	C:\Users\noah\.openjfx\cache\21+31\amd64\api-ms-win-core-rtlsupport-l1-1-0.dll
0x000002af0f960000 - 0x000002af0f963000 	C:\Users\noah\.openjfx\cache\21+31\amd64\api-ms-win-core-string-l1-1-0.dll
0x000002af0f970000 - 0x000002af0f973000 	C:\Users\noah\.openjfx\cache\21+31\amd64\api-ms-win-core-synch-l1-1-0.dll
0x000002af0f980000 - 0x000002af0f983000 	C:\Users\noah\.openjfx\cache\21+31\amd64\api-ms-win-core-synch-l1-2-0.dll
0x000002af0f990000 - 0x000002af0f993000 	C:\Users\noah\.openjfx\cache\21+31\amd64\api-ms-win-core-sysinfo-l1-1-0.dll
0x000002af0f9a0000 - 0x000002af0f9a3000 	C:\Users\noah\.openjfx\cache\21+31\amd64\api-ms-win-core-timezone-l1-1-0.dll
0x000002af0f9b0000 - 0x000002af0f9b3000 	C:\Users\noah\.openjfx\cache\21+31\amd64\api-ms-win-core-util-l1-1-0.dll
0x000002af0f9c0000 - 0x000002af0f9c3000 	C:\Users\noah\.openjfx\cache\21+31\amd64\api-ms-win-crt-conio-l1-1-0.dll
0x000002af0f9d0000 - 0x000002af0f9d4000 	C:\Users\noah\.openjfx\cache\21+31\amd64\api-ms-win-crt-convert-l1-1-0.dll
0x000002af0f9e0000 - 0x000002af0f9e3000 	C:\Users\noah\.openjfx\cache\21+31\amd64\api-ms-win-crt-environment-l1-1-0.dll
0x000002af0f9f0000 - 0x000002af0f9f3000 	C:\Users\noah\.openjfx\cache\21+31\amd64\api-ms-win-crt-filesystem-l1-1-0.dll
0x000002af0fa00000 - 0x000002af0fa03000 	C:\Users\noah\.openjfx\cache\21+31\amd64\api-ms-win-crt-heap-l1-1-0.dll
0x000002af0fa10000 - 0x000002af0fa13000 	C:\Users\noah\.openjfx\cache\21+31\amd64\api-ms-win-crt-locale-l1-1-0.dll
0x000002af0fa20000 - 0x000002af0fa25000 	C:\Users\noah\.openjfx\cache\21+31\amd64\api-ms-win-crt-math-l1-1-0.dll
0x000002af0fa30000 - 0x000002af0fa35000 	C:\Users\noah\.openjfx\cache\21+31\amd64\api-ms-win-crt-multibyte-l1-1-0.dll
0x000002af0fa40000 - 0x000002af0fa50000 	C:\Users\noah\.openjfx\cache\21+31\amd64\api-ms-win-crt-private-l1-1-0.dll
0x000002af0fa50000 - 0x000002af0fa53000 	C:\Users\noah\.openjfx\cache\21+31\amd64\api-ms-win-crt-process-l1-1-0.dll
0x000002af0fa60000 - 0x000002af0fa64000 	C:\Users\noah\.openjfx\cache\21+31\amd64\api-ms-win-crt-runtime-l1-1-0.dll
0x000002af0fa70000 - 0x000002af0fa74000 	C:\Users\noah\.openjfx\cache\21+31\amd64\api-ms-win-crt-stdio-l1-1-0.dll
0x000002af0fa80000 - 0x000002af0fa84000 	C:\Users\noah\.openjfx\cache\21+31\amd64\api-ms-win-crt-string-l1-1-0.dll
0x000002af0fa90000 - 0x000002af0fa93000 	C:\Users\noah\.openjfx\cache\21+31\amd64\api-ms-win-crt-time-l1-1-0.dll
0x000002af0faa0000 - 0x000002af0faa3000 	C:\Users\noah\.openjfx\cache\21+31\amd64\api-ms-win-crt-utility-l1-1-0.dll
0x00007ffc66380000 - 0x00007ffc6647c000 	C:\Users\noah\.openjfx\cache\21+31\amd64\ucrtbase.dll
0x00007ffc89c10000 - 0x00007ffc89c2b000 	C:\Users\noah\.openjfx\cache\21+31\amd64\vcruntime140.dll
0x00007ffc91330000 - 0x00007ffc9133c000 	C:\Users\noah\.openjfx\cache\21+31\amd64\vcruntime140_1.dll
0x00007ffc66650000 - 0x00007ffc666de000 	C:\Users\noah\.openjfx\cache\21+31\amd64\msvcp140.dll
0x00007ffc91300000 - 0x00007ffc91309000 	C:\Users\noah\.openjfx\cache\21+31\amd64\msvcp140_1.dll
0x00007ffc7b040000 - 0x00007ffc7b06f000 	C:\Users\noah\.openjfx\cache\21+31\amd64\msvcp140_2.dll
0x00007ffc7ab80000 - 0x00007ffc7abaf000 	C:\Users\noah\.openjfx\cache\21+31\amd64\prism_d3d.dll
0x00007ffc661b0000 - 0x00007ffc66380000 	C:\WINDOWS\system32\d3d9.dll
0x00007ffc93f30000 - 0x00007ffc93f5f000 	C:\WINDOWS\SYSTEM32\dwmapi.dll
0x00007ffc93b60000 - 0x00007ffc93bfe000 	C:\WINDOWS\system32\uxtheme.dll
0x00007ffc66040000 - 0x00007ffc661a3000 	C:\WINDOWS\System32\DriverStore\FileRepository\iigd_dch.inf_amd64_601b3164ce022f8b\igdumdim64.dll
0x00007ffc03f40000 - 0x00007ffc08733000 	C:\WINDOWS\System32\DriverStore\FileRepository\iigd_dch.inf_amd64_601b3164ce022f8b\igd9dxva64.dll
0x00007ffc9b840000 - 0x00007ffc9bcae000 	C:\WINDOWS\System32\SETUPAPI.dll
0x00007ffc99bc0000 - 0x00007ffc99c0e000 	C:\WINDOWS\System32\cfgmgr32.dll
0x00007ffc863d0000 - 0x00007ffc86652000 	C:\WINDOWS\System32\DriverStore\FileRepository\iigd_dch.inf_amd64_601b3164ce022f8b\igdgmm64.dll
0x00007ffc6e350000 - 0x00007ffc6e392000 	C:\Users\noah\.openjfx\cache\21+31\amd64\glass.dll
0x00007ffc9b630000 - 0x00007ffc9b70a000 	C:\WINDOWS\System32\COMDLG32.dll
0x00007ffc9b030000 - 0x00007ffc9b144000 	C:\WINDOWS\System32\MSCTF.dll
0x00007ffc90020000 - 0x00007ffc90047000 	C:\WINDOWS\System32\DriverStore\FileRepository\iigd_dch.inf_amd64_601b3164ce022f8b\igdinfo64.dll
0x00007ffc83890000 - 0x00007ffc863c1000 	C:\WINDOWS\System32\DriverStore\FileRepository\iigd_dch.inf_amd64_601b3164ce022f8b\igc64.dll
0x00007ffc82d00000 - 0x00007ffc82d3b000 	C:\WINDOWS\SYSTEM32\dxcore.dll
0x00007ffc79590000 - 0x00007ffc795a4000 	C:\Users\noah\.openjfx\cache\21+31\amd64\javafx_font.dll
0x00007ffc72e60000 - 0x00007ffc730df000 	C:\WINDOWS\SYSTEM32\dwrite.dll
0x00007ffc9a0d0000 - 0x00007ffc9a179000 	C:\WINDOWS\System32\clbcatq.dll
0x00007ffc93950000 - 0x00007ffc93b06000 	C:\WINDOWS\SYSTEM32\WindowsCodecs.dll
0x00007ffc8b060000 - 0x00007ffc8b09e000 	C:\WINDOWS\system32\dataexchange.dll
0x00007ffc920e0000 - 0x00007ffc92343000 	C:\WINDOWS\system32\d3d11.dll
0x00007ffc92910000 - 0x00007ffc92af4000 	C:\WINDOWS\system32\dcomp.dll
0x00007ffc97f20000 - 0x00007ffc98015000 	C:\WINDOWS\system32\dxgi.dll
0x00007ffc90150000 - 0x00007ffc90353000 	C:\WINDOWS\system32\twinapi.appcore.dll
0x00007ffc72d10000 - 0x00007ffc72d44000 	C:\Program Files\Common Files\Microsoft Shared\Ink\rtscom.dll
0x00007ffc8ac50000 - 0x00007ffc8ad49000 	C:\WINDOWS\SYSTEM32\textinputframework.dll
0x00007ffc92e80000 - 0x00007ffc931db000 	C:\WINDOWS\System32\CoreUIComponents.dll
0x00007ffc931e0000 - 0x00007ffc932d2000 	C:\WINDOWS\System32\CoreMessaging.dll
0x00007ffc987b0000 - 0x00007ffc987e3000 	C:\WINDOWS\SYSTEM32\ntmarta.dll
0x00007ffc91f80000 - 0x00007ffc920d7000 	C:\WINDOWS\SYSTEM32\wintypes.dll
0x00007ffc91140000 - 0x00007ffc911a6000 	C:\WINDOWS\system32\Oleacc.dll
0x00007ffc891f0000 - 0x00007ffc8925a000 	C:\WINDOWS\system32\Ninput.dll

dbghelp: loaded successfully - version: 4.0.5 - missing functions: none
symbol engine: initialized successfully - sym options: 0x614 - pdb path: .;C:\Program Files\Java\jdk-22\bin;C:\WINDOWS\SYSTEM32;C:\WINDOWS\WinSxS\amd64_microsoft.windows.common-controls_6595b64144ccf1df_6.0.19041.4355_none_60b8b9eb71f62e16;C:\Program Files\Java\jdk-22\bin\server;C:\Users\noah\.openjfx\cache\21+31\amd64;C:\WINDOWS\System32\DriverStore\FileRepository\iigd_dch.inf_amd64_601b3164ce022f8b;C:\Program Files\Common Files\Microsoft Shared\Ink

VM Arguments:
jvm_args: -Dfile.encoding=windows-1252 -Dsun.stdout.encoding=windows-1252 -Dsun.stderr.encoding=windows-1252 
java_command: C:\Users\noah\IdeaProjects\demo8\target\demo8-1.0-SNAPSHOT-shaded.jar
java_class_path (initial): C:\Users\noah\IdeaProjects\demo8\target\demo8-1.0-SNAPSHOT-shaded.jar
Launcher Type: SUN_STANDARD

[Global flags]
     intx CICompilerCount                          = 3                                         {product} {ergonomic}
     uint ConcGCThreads                            = 1                                         {product} {ergonomic}
     uint G1ConcRefinementThreads                  = 4                                         {product} {ergonomic}
   size_t G1HeapRegionSize                         = 1048576                                   {product} {ergonomic}
   size_t InitialHeapSize                          = 134217728                                 {product} {ergonomic}
   size_t MarkStackSize                            = 4194304                                   {product} {ergonomic}
   size_t MaxHeapSize                              = 2116026368                                {product} {ergonomic}
   size_t MaxNewSize                               = 1268776960                                {product} {ergonomic}
   size_t MinHeapDeltaBytes                        = 1048576                                   {product} {ergonomic}
   size_t MinHeapSize                              = 8388608                                   {product} {ergonomic}
    uintx NonNMethodCodeHeapSize                   = 5832780                                {pd product} {ergonomic}
    uintx NonProfiledCodeHeapSize                  = 122912730                              {pd product} {ergonomic}
    uintx ProfiledCodeHeapSize                     = 122912730                              {pd product} {ergonomic}
    uintx ReservedCodeCacheSize                    = 251658240                              {pd product} {ergonomic}
     bool SegmentedCodeCache                       = true                                      {product} {ergonomic}
   size_t SoftMaxHeapSize                          = 2116026368                             {manageable} {ergonomic}
     bool UseCompressedOops                        = true                           {product lp64_product} {ergonomic}
     bool UseG1GC                                  = true                                      {product} {ergonomic}
     bool UseLargePagesIndividualAllocation        = false                                  {pd product} {ergonomic}

Logging:
Log output configuration:
 #0: stdout all=warning uptime,level,tags foldmultilines=false
 #1: stderr all=off uptime,level,tags foldmultilines=false

Environment Variables:
PATH=C:\Program Files\Java\jdk-22;C:\Program Files\Common Files\Oracle\Java\javapath;C:\WINDOWS\system32;C:\WINDOWS;C:\WINDOWS\System32\Wbem;C:\WINDOWS\System32\WindowsPowerShell\v1.0\;C:\WINDOWS\System32\OpenSSH\;C:\Program Files\Git\cmd;C:\Program Files\Java\jdk-22\bin;C:\Program Files\dotnet\;C:\Users\noah\AppData\Local\Microsoft\WindowsApps;;C:\Program Files\JetBrains\IntelliJ IDEA Community Edition 2024.1.2\bin;;C:\Users\noah\AppData\Local\Programs\Microsoft VS Code\bin
USERNAME=noah
OS=Windows_NT
PROCESSOR_IDENTIFIER=Intel64 Family 6 Model 142 Stepping 9, GenuineIntel
TMP=C:\Users\noah\AppData\Local\Temp
TEMP=C:\Users\noah\AppData\Local\Temp




Periodic native trim disabled

---------------  S Y S T E M  ---------------

OS:
 Windows 10 , 64 bit Build 19041 (10.0.19041.4597)
OS uptime: 6 days 7:07 hours

CPU: total 4 (initial active 4) (2 cores per cpu, 2 threads per core) family 6 model 142 stepping 9 microcode 0xf4, cx8, cmov, fxsr, ht, mmx, 3dnowpref, sse, sse2, sse3, ssse3, sse4.1, sse4.2, popcnt, lzcnt, tsc, tscinvbit, avx, avx2, aes, erms, clmul, bmi1, bmi2, adx, fma, vzeroupper, clflush, clflushopt, rdtscp, f16c
Processor Information for all 4 processors :
  Max Mhz: 1608, Current Mhz: 1005, Mhz Limit: 996

Memory: 4k page, system-wide physical 8067M (1215M free)
TotalPageFile size 22950M (AvailPageFile size 11185M)
current process WorkingSet (physical memory assigned to process): 156M, peak: 174M
current process commit charge ("private bytes"): 278M, peak: 294M

vm_info: Java HotSpot(TM) 64-Bit Server VM (22.0.1+8-16) for windows-amd64 JRE (22.0.1+8-16), built on 2024-03-12T10:33:16Z by "mach5one" with MS VC++ 17.6 (VS2022)

END.
